{"/Users/timo/ic-projects/hpl-middleware-wallet/src/icrc/types.ts": {"path":"/Users/timo/ic-projects/hpl-middleware-wallet/src/icrc/types.ts","statementMap":{"0":{"start":{"line":6,"column":8},"end":{"line":6,"column":22}},"1":{"start":{"line":7,"column":8},"end":{"line":7,"column":31}},"2":{"start":{"line":8,"column":8},"end":{"line":8,"column":30}},"3":{"start":{"line":9,"column":8},"end":{"line":9,"column":29}},"4":{"start":{"line":10,"column":8},"end":{"line":10,"column":27}},"5":{"start":{"line":11,"column":8},"end":{"line":11,"column":26}},"6":{"start":{"line":12,"column":8},"end":{"line":12,"column":29}},"7":{"start":{"line":13,"column":8},"end":{"line":13,"column":23}},"8":{"start":{"line":14,"column":8},"end":{"line":14,"column":27}},"9":{"start":{"line":15,"column":8},"end":{"line":15,"column":28}},"10":{"start":{"line":3,"column":0},"end":{"line":3,"column":13}}},"fnMap":{"0":{"name":"(anonymous_0)","decl":{"start":{"line":5,"column":4},"end":{"line":5,"column":23}},"loc":{"start":{"line":5,"column":38},"end":{"line":16,"column":5}}}},"branchMap":{},"s":{"0":10,"1":10,"2":10,"3":10,"4":10,"5":10,"6":10,"7":10,"8":10,"9":10,"10":8},"f":{"0":10},"b":{}}
,"/Users/timo/ic-projects/hpl-middleware-wallet/src/icrc/allowanceHandlers/add.allowance.handler.ts": {"path":"/Users/timo/ic-projects/hpl-middleware-wallet/src/icrc/allowanceHandlers/add.allowance.handler.ts","statementMap":{"0":{"start":{"line":2,"column":0},"end":{"line":2,"column":28}},"1":{"start":{"line":4,"column":0},"end":{"line":4,"column":50}},"2":{"start":{"line":5,"column":0},"end":{"line":5,"column":74}},"3":{"start":{"line":6,"column":0},"end":{"line":6,"column":83}},"4":{"start":{"line":7,"column":0},"end":{"line":7,"column":60}},"5":{"start":{"line":8,"column":0},"end":{"line":8,"column":61}},"6":{"start":{"line":14,"column":0},"end":{"line":14,"column":55}},"7":{"start":{"line":16,"column":0},"end":{"line":16,"column":55}},"8":{"start":{"line":28,"column":8},"end":{"line":28,"column":16}},"9":{"start":{"line":21,"column":16},"end":{"line":21,"column":57}},"10":{"start":{"line":22,"column":16},"end":{"line":22,"column":58}},"11":{"start":{"line":23,"column":16},"end":{"line":23,"column":48}},"12":{"start":{"line":24,"column":16},"end":{"line":24,"column":56}},"13":{"start":{"line":25,"column":16},"end":{"line":25,"column":64}},"14":{"start":{"line":26,"column":16},"end":{"line":26,"column":68}},"15":{"start":{"line":33,"column":8},"end":{"line":37,"column":9}},"16":{"start":{"line":34,"column":12},"end":{"line":36,"column":50}},"17":{"start":{"line":39,"column":8},"end":{"line":43,"column":9}},"18":{"start":{"line":40,"column":12},"end":{"line":42,"column":45}},"19":{"start":{"line":45,"column":8},"end":{"line":49,"column":9}},"20":{"start":{"line":46,"column":12},"end":{"line":48,"column":50}},"21":{"start":{"line":51,"column":8},"end":{"line":55,"column":9}},"22":{"start":{"line":52,"column":12},"end":{"line":54,"column":44}},"23":{"start":{"line":57,"column":24},"end":{"line":62,"column":14}},"24":{"start":{"line":64,"column":8},"end":{"line":66,"column":9}},"25":{"start":{"line":65,"column":12},"end":{"line":65,"column":105}},"26":{"start":{"line":71,"column":20},"end":{"line":74,"column":10}},"27":{"start":{"line":75,"column":8},"end":{"line":79,"column":9}},"28":{"start":{"line":76,"column":12},"end":{"line":78,"column":44}},"29":{"start":{"line":77,"column":43},"end":{"line":77,"column":57}},"30":{"start":{"line":81,"column":36},"end":{"line":81,"column":133}},"31":{"start":{"line":82,"column":8},"end":{"line":85,"column":13}},"32":{"start":{"line":84,"column":16},"end":{"line":84,"column":116}},"33":{"start":{"line":87,"column":45},"end":{"line":93,"column":10}},"34":{"start":{"line":94,"column":8},"end":{"line":94,"column":74}},"35":{"start":{"line":96,"column":8},"end":{"line":96,"column":63}},"36":{"start":{"line":98,"column":8},"end":{"line":106,"column":10}},"37":{"start":{"line":110,"column":8},"end":{"line":112,"column":9}},"38":{"start":{"line":111,"column":12},"end":{"line":111,"column":25}},"39":{"start":{"line":113,"column":8},"end":{"line":113,"column":18}},"40":{"start":{"line":18,"column":0},"end":{"line":18,"column":13}}},"fnMap":{"0":{"name":"(anonymous_5)","decl":{"start":{"line":20,"column":4},"end":{"line":20,"column":null}},"loc":{"start":{"line":26,"column":68},"end":{"line":29,"column":5}}},"1":{"name":"(anonymous_6)","decl":{"start":{"line":31,"column":11},"end":{"line":31,"column":16}},"loc":{"start":{"line":31,"column":48},"end":{"line":68,"column":5}}},"2":{"name":"(anonymous_7)","decl":{"start":{"line":70,"column":11},"end":{"line":70,"column":16}},"loc":{"start":{"line":70,"column":47},"end":{"line":107,"column":5}}},"3":{"name":"(anonymous_8)","decl":{"start":{"line":77,"column":38},"end":{"line":77,"column":39}},"loc":{"start":{"line":77,"column":43},"end":{"line":77,"column":57}}},"4":{"name":"(anonymous_9)","decl":{"start":{"line":109,"column":4},"end":{"line":109,"column":16}},"loc":{"start":{"line":109,"column":27},"end":{"line":114,"column":5}}}},"branchMap":{"0":{"loc":{"start":{"line":33,"column":8},"end":{"line":37,"column":9}},"type":"if","locations":[{"start":{"line":33,"column":8},"end":{"line":37,"column":9}}]},"1":{"loc":{"start":{"line":39,"column":8},"end":{"line":43,"column":9}},"type":"if","locations":[{"start":{"line":39,"column":8},"end":{"line":43,"column":9}}]},"2":{"loc":{"start":{"line":45,"column":8},"end":{"line":49,"column":9}},"type":"if","locations":[{"start":{"line":45,"column":8},"end":{"line":49,"column":9}}]},"3":{"loc":{"start":{"line":51,"column":8},"end":{"line":55,"column":9}},"type":"if","locations":[{"start":{"line":51,"column":8},"end":{"line":55,"column":9}}]},"4":{"loc":{"start":{"line":64,"column":8},"end":{"line":66,"column":9}},"type":"if","locations":[{"start":{"line":64,"column":8},"end":{"line":66,"column":9}}]},"5":{"loc":{"start":{"line":75,"column":8},"end":{"line":79,"column":9}},"type":"if","locations":[{"start":{"line":75,"column":8},"end":{"line":79,"column":9}}]},"6":{"loc":{"start":{"line":82,"column":8},"end":{"line":85,"column":13}},"type":"if","locations":[{"start":{"line":82,"column":8},"end":{"line":85,"column":13}}]},"7":{"loc":{"start":{"line":92,"column":24},"end":{"line":92,"column":126}},"type":"cond-expr","locations":[{"start":{"line":92,"column":42},"end":{"line":92,"column":114}},{"start":{"line":92,"column":117},"end":{"line":92,"column":126}}]},"8":{"loc":{"start":{"line":103,"column":24},"end":{"line":105,"column":27}},"type":"cond-expr","locations":[{"start":{"line":104,"column":18},"end":{"line":104,"column":100}},{"start":{"line":105,"column":18},"end":{"line":105,"column":27}}]},"9":{"loc":{"start":{"line":110,"column":8},"end":{"line":112,"column":9}},"type":"if","locations":[{"start":{"line":110,"column":8},"end":{"line":112,"column":9}}]}},"s":{"0":1,"1":1,"2":1,"3":1,"4":1,"5":1,"6":1,"7":1,"8":1,"9":1,"10":1,"11":1,"12":1,"13":1,"14":1,"15":8,"16":1,"17":7,"18":1,"19":6,"20":1,"21":5,"22":1,"23":4,"24":4,"25":1,"26":3,"27":3,"28":1,"29":1,"30":2,"31":2,"32":0,"33":2,"34":2,"35":2,"36":2,"37":6,"38":0,"39":6,"40":1},"f":{"0":1,"1":8,"2":3,"3":1,"4":6},"b":{"0":[1],"1":[1],"2":[1],"3":[1],"4":[1],"5":[1],"6":[0],"7":[1,1],"8":[1,1],"9":[0]}}
,"/Users/timo/ic-projects/hpl-middleware-wallet/src/icrc/allowanceHandlers/check.allowance.handler.ts": {"path":"/Users/timo/ic-projects/hpl-middleware-wallet/src/icrc/allowanceHandlers/check.allowance.handler.ts","statementMap":{"0":{"start":{"line":3,"column":0},"end":{"line":3,"column":74}},"1":{"start":{"line":4,"column":0},"end":{"line":4,"column":69}},"2":{"start":{"line":5,"column":0},"end":{"line":5,"column":60}},"3":{"start":{"line":6,"column":0},"end":{"line":6,"column":61}},"4":{"start":{"line":11,"column":0},"end":{"line":11,"column":55}},"5":{"start":{"line":22,"column":8},"end":{"line":22,"column":16}},"6":{"start":{"line":16,"column":16},"end":{"line":16,"column":58}},"7":{"start":{"line":17,"column":16},"end":{"line":17,"column":48}},"8":{"start":{"line":18,"column":16},"end":{"line":18,"column":56}},"9":{"start":{"line":19,"column":16},"end":{"line":19,"column":68}},"10":{"start":{"line":20,"column":16},"end":{"line":20,"column":64}},"11":{"start":{"line":27,"column":8},"end":{"line":31,"column":9}},"12":{"start":{"line":28,"column":12},"end":{"line":30,"column":50}},"13":{"start":{"line":33,"column":8},"end":{"line":37,"column":9}},"14":{"start":{"line":34,"column":12},"end":{"line":36,"column":45}},"15":{"start":{"line":39,"column":8},"end":{"line":43,"column":9}},"16":{"start":{"line":40,"column":12},"end":{"line":42,"column":50}},"17":{"start":{"line":47,"column":36},"end":{"line":47,"column":133}},"18":{"start":{"line":48,"column":8},"end":{"line":51,"column":13}},"19":{"start":{"line":50,"column":16},"end":{"line":50,"column":116}},"20":{"start":{"line":52,"column":20},"end":{"line":55,"column":10}},"21":{"start":{"line":56,"column":8},"end":{"line":60,"column":9}},"22":{"start":{"line":57,"column":12},"end":{"line":59,"column":35}},"23":{"start":{"line":58,"column":43},"end":{"line":58,"column":57}},"24":{"start":{"line":62,"column":45},"end":{"line":65,"column":null}},"25":{"start":{"line":66,"column":29},"end":{"line":70,"column":10}},"26":{"start":{"line":72,"column":8},"end":{"line":89,"column":9}},"27":{"start":{"line":73,"column":12},"end":{"line":73,"column":null}},"28":{"start":{"line":74,"column":12},"end":{"line":78,"column":15}},"29":{"start":{"line":79,"column":12},"end":{"line":79,"column":41}},"30":{"start":{"line":80,"column":12},"end":{"line":88,"column":null}},"31":{"start":{"line":91,"column":8},"end":{"line":91,"column":22}},"32":{"start":{"line":95,"column":8},"end":{"line":97,"column":9}},"33":{"start":{"line":96,"column":12},"end":{"line":96,"column":25}},"34":{"start":{"line":98,"column":8},"end":{"line":98,"column":18}},"35":{"start":{"line":13,"column":0},"end":{"line":13,"column":13}}},"fnMap":{"0":{"name":"(anonymous_0)","decl":{"start":{"line":15,"column":4},"end":{"line":15,"column":null}},"loc":{"start":{"line":20,"column":64},"end":{"line":23,"column":5}}},"1":{"name":"(anonymous_1)","decl":{"start":{"line":25,"column":11},"end":{"line":25,"column":16}},"loc":{"start":{"line":25,"column":50},"end":{"line":44,"column":5}}},"2":{"name":"(anonymous_2)","decl":{"start":{"line":46,"column":11},"end":{"line":46,"column":16}},"loc":{"start":{"line":46,"column":49},"end":{"line":92,"column":5}}},"3":{"name":"(anonymous_3)","decl":{"start":{"line":58,"column":38},"end":{"line":58,"column":39}},"loc":{"start":{"line":58,"column":43},"end":{"line":58,"column":57}}},"4":{"name":"(anonymous_4)","decl":{"start":{"line":94,"column":4},"end":{"line":94,"column":16}},"loc":{"start":{"line":94,"column":27},"end":{"line":99,"column":5}}}},"branchMap":{"0":{"loc":{"start":{"line":27,"column":8},"end":{"line":31,"column":9}},"type":"if","locations":[{"start":{"line":27,"column":8},"end":{"line":31,"column":9}}]},"1":{"loc":{"start":{"line":33,"column":8},"end":{"line":37,"column":9}},"type":"if","locations":[{"start":{"line":33,"column":8},"end":{"line":37,"column":9}}]},"2":{"loc":{"start":{"line":39,"column":8},"end":{"line":43,"column":9}},"type":"if","locations":[{"start":{"line":39,"column":8},"end":{"line":43,"column":9}}]},"3":{"loc":{"start":{"line":48,"column":8},"end":{"line":51,"column":13}},"type":"if","locations":[{"start":{"line":48,"column":8},"end":{"line":51,"column":13}}]},"4":{"loc":{"start":{"line":56,"column":8},"end":{"line":60,"column":9}},"type":"if","locations":[{"start":{"line":56,"column":8},"end":{"line":60,"column":9}}]},"5":{"loc":{"start":{"line":72,"column":8},"end":{"line":89,"column":9}},"type":"if","locations":[{"start":{"line":72,"column":8},"end":{"line":89,"column":9}}]},"6":{"loc":{"start":{"line":85,"column":28},"end":{"line":87,"column":31}},"type":"cond-expr","locations":[{"start":{"line":86,"column":22},"end":{"line":86,"column":93}},{"start":{"line":87,"column":22},"end":{"line":87,"column":31}}]},"7":{"loc":{"start":{"line":95,"column":8},"end":{"line":97,"column":9}},"type":"if","locations":[{"start":{"line":95,"column":8},"end":{"line":97,"column":9}}]}},"s":{"0":1,"1":1,"2":1,"3":1,"4":1,"5":1,"6":1,"7":1,"8":1,"9":1,"10":1,"11":5,"12":1,"13":4,"14":1,"15":3,"16":1,"17":2,"18":2,"19":0,"20":2,"21":2,"22":0,"23":0,"24":2,"25":2,"26":2,"27":1,"28":1,"29":1,"30":1,"31":2,"32":3,"33":0,"34":3,"35":1},"f":{"0":1,"1":5,"2":2,"3":0,"4":3},"b":{"0":[1],"1":[1],"2":[1],"3":[0],"4":[0],"5":[1],"6":[0,1],"7":[0]}}
,"/Users/timo/ic-projects/hpl-middleware-wallet/src/icrc/allowanceHandlers/get.list.allowance.handler.ts": {"path":"/Users/timo/ic-projects/hpl-middleware-wallet/src/icrc/allowanceHandlers/get.list.allowance.handler.ts","statementMap":{"0":{"start":{"line":1,"column":0},"end":{"line":1,"column":74}},"1":{"start":{"line":3,"column":0},"end":{"line":3,"column":60}},"2":{"start":{"line":6,"column":0},"end":{"line":6,"column":52}},"3":{"start":{"line":8,"column":0},"end":{"line":8,"column":61}},"4":{"start":{"line":9,"column":0},"end":{"line":9,"column":28}},"5":{"start":{"line":12,"column":0},"end":{"line":12,"column":55}},"6":{"start":{"line":22,"column":8},"end":{"line":22,"column":16}},"7":{"start":{"line":17,"column":18},"end":{"line":17,"column":59}},"8":{"start":{"line":18,"column":16},"end":{"line":18,"column":56}},"9":{"start":{"line":19,"column":16},"end":{"line":19,"column":48}},"10":{"start":{"line":20,"column":16},"end":{"line":20,"column":72}},"11":{"start":{"line":30,"column":22},"end":{"line":30,"column":85}},"12":{"start":{"line":31,"column":8},"end":{"line":33,"column":9}},"13":{"start":{"line":32,"column":12},"end":{"line":32,"column":107}},"14":{"start":{"line":34,"column":34},"end":{"line":34,"column":102}},"15":{"start":{"line":35,"column":31},"end":{"line":37,"column":10}},"16":{"start":{"line":38,"column":47},"end":{"line":50,"column":null}},"17":{"start":{"line":40,"column":16},"end":{"line":48,"column":null}},"18":{"start":{"line":52,"column":8},"end":{"line":52,"column":22}},"19":{"start":{"line":56,"column":8},"end":{"line":58,"column":9}},"20":{"start":{"line":57,"column":12},"end":{"line":57,"column":25}},"21":{"start":{"line":59,"column":8},"end":{"line":59,"column":18}},"22":{"start":{"line":14,"column":0},"end":{"line":14,"column":13}}},"fnMap":{"0":{"name":"(anonymous_5)","decl":{"start":{"line":16,"column":4},"end":{"line":16,"column":null}},"loc":{"start":{"line":20,"column":72},"end":{"line":23,"column":5}}},"1":{"name":"(anonymous_6)","decl":{"start":{"line":25,"column":11},"end":{"line":25,"column":16}},"loc":{"start":{"line":25,"column":52},"end":{"line":27,"column":5}}},"2":{"name":"(anonymous_7)","decl":{"start":{"line":29,"column":11},"end":{"line":29,"column":16}},"loc":{"start":{"line":29,"column":51},"end":{"line":53,"column":5}}},"3":{"name":"(anonymous_8)","decl":{"start":{"line":39,"column":43},"end":{"line":39,"column":44}},"loc":{"start":{"line":39,"column":49},"end":{"line":49,"column":13}}},"4":{"name":"(anonymous_9)","decl":{"start":{"line":55,"column":4},"end":{"line":55,"column":16}},"loc":{"start":{"line":55,"column":27},"end":{"line":60,"column":5}}}},"branchMap":{"0":{"loc":{"start":{"line":31,"column":8},"end":{"line":33,"column":9}},"type":"if","locations":[{"start":{"line":31,"column":8},"end":{"line":33,"column":9}}]},"1":{"loc":{"start":{"line":45,"column":32},"end":{"line":47,"column":35}},"type":"cond-expr","locations":[{"start":{"line":46,"column":26},"end":{"line":46,"column":100}},{"start":{"line":47,"column":26},"end":{"line":47,"column":35}}]},"2":{"loc":{"start":{"line":56,"column":8},"end":{"line":58,"column":9}},"type":"if","locations":[{"start":{"line":56,"column":8},"end":{"line":58,"column":9}}]}},"s":{"0":1,"1":1,"2":1,"3":1,"4":1,"5":1,"6":1,"7":1,"8":1,"9":1,"10":1,"11":2,"12":2,"13":1,"14":1,"15":1,"16":1,"17":2,"18":1,"19":1,"20":0,"21":1,"22":1},"f":{"0":1,"1":2,"2":2,"3":2,"4":1},"b":{"0":[1],"1":[0,2],"2":[0]}}
,"/Users/timo/ic-projects/hpl-middleware-wallet/src/icrc/allowanceHandlers/remove.allowance.handler.ts": {"path":"/Users/timo/ic-projects/hpl-middleware-wallet/src/icrc/allowanceHandlers/remove.allowance.handler.ts","statementMap":{"0":{"start":{"line":1,"column":0},"end":{"line":1,"column":74}},"1":{"start":{"line":3,"column":0},"end":{"line":3,"column":60}},"2":{"start":{"line":4,"column":0},"end":{"line":4,"column":61}},"3":{"start":{"line":7,"column":0},"end":{"line":7,"column":50}},"4":{"start":{"line":10,"column":0},"end":{"line":10,"column":55}},"5":{"start":{"line":19,"column":8},"end":{"line":19,"column":16}},"6":{"start":{"line":15,"column":18},"end":{"line":15,"column":59}},"7":{"start":{"line":16,"column":16},"end":{"line":16,"column":56}},"8":{"start":{"line":17,"column":16},"end":{"line":17,"column":70}},"9":{"start":{"line":24,"column":8},"end":{"line":28,"column":9}},"10":{"start":{"line":25,"column":12},"end":{"line":27,"column":50}},"11":{"start":{"line":30,"column":8},"end":{"line":34,"column":9}},"12":{"start":{"line":31,"column":12},"end":{"line":33,"column":45}},"13":{"start":{"line":36,"column":8},"end":{"line":40,"column":9}},"14":{"start":{"line":37,"column":12},"end":{"line":39,"column":50}},"15":{"start":{"line":44,"column":21},"end":{"line":48,"column":null}},"16":{"start":{"line":49,"column":8},"end":{"line":49,"column":60}},"17":{"start":{"line":50,"column":8},"end":{"line":50,"column":61}},"18":{"start":{"line":51,"column":8},"end":{"line":51,"column":18}},"19":{"start":{"line":55,"column":8},"end":{"line":57,"column":9}},"20":{"start":{"line":56,"column":12},"end":{"line":56,"column":25}},"21":{"start":{"line":58,"column":8},"end":{"line":58,"column":18}},"22":{"start":{"line":12,"column":0},"end":{"line":12,"column":13}}},"fnMap":{"0":{"name":"(anonymous_4)","decl":{"start":{"line":14,"column":4},"end":{"line":14,"column":null}},"loc":{"start":{"line":17,"column":70},"end":{"line":20,"column":5}}},"1":{"name":"(anonymous_5)","decl":{"start":{"line":22,"column":11},"end":{"line":22,"column":16}},"loc":{"start":{"line":22,"column":51},"end":{"line":41,"column":5}}},"2":{"name":"(anonymous_6)","decl":{"start":{"line":43,"column":11},"end":{"line":43,"column":16}},"loc":{"start":{"line":43,"column":50},"end":{"line":52,"column":5}}},"3":{"name":"(anonymous_7)","decl":{"start":{"line":54,"column":4},"end":{"line":54,"column":16}},"loc":{"start":{"line":54,"column":27},"end":{"line":59,"column":5}}}},"branchMap":{"0":{"loc":{"start":{"line":24,"column":8},"end":{"line":28,"column":9}},"type":"if","locations":[{"start":{"line":24,"column":8},"end":{"line":28,"column":9}}]},"1":{"loc":{"start":{"line":30,"column":8},"end":{"line":34,"column":9}},"type":"if","locations":[{"start":{"line":30,"column":8},"end":{"line":34,"column":9}}]},"2":{"loc":{"start":{"line":36,"column":8},"end":{"line":40,"column":9}},"type":"if","locations":[{"start":{"line":36,"column":8},"end":{"line":40,"column":9}}]},"3":{"loc":{"start":{"line":55,"column":8},"end":{"line":57,"column":9}},"type":"if","locations":[{"start":{"line":55,"column":8},"end":{"line":57,"column":9}}]}},"s":{"0":1,"1":1,"2":1,"3":1,"4":1,"5":1,"6":1,"7":1,"8":1,"9":4,"10":1,"11":3,"12":1,"13":2,"14":1,"15":1,"16":1,"17":1,"18":1,"19":3,"20":0,"21":3,"22":1},"f":{"0":1,"1":4,"2":1,"3":3},"b":{"0":[1],"1":[1],"2":[1],"3":[0]}}
,"/Users/timo/ic-projects/hpl-middleware-wallet/src/icrc/allowanceHandlers/transfer.from.allowance.handler.ts": {"path":"/Users/timo/ic-projects/hpl-middleware-wallet/src/icrc/allowanceHandlers/transfer.from.allowance.handler.ts","statementMap":{"0":{"start":{"line":2,"column":0},"end":{"line":2,"column":47}},"1":{"start":{"line":4,"column":0},"end":{"line":4,"column":74}},"2":{"start":{"line":5,"column":0},"end":{"line":5,"column":68}},"3":{"start":{"line":6,"column":0},"end":{"line":6,"column":60}},"4":{"start":{"line":7,"column":0},"end":{"line":7,"column":61}},"5":{"start":{"line":9,"column":0},"end":{"line":9,"column":62}},"6":{"start":{"line":12,"column":0},"end":{"line":12,"column":55}},"7":{"start":{"line":22,"column":8},"end":{"line":22,"column":16}},"8":{"start":{"line":17,"column":16},"end":{"line":17,"column":58}},"9":{"start":{"line":18,"column":16},"end":{"line":18,"column":48}},"10":{"start":{"line":19,"column":16},"end":{"line":19,"column":52}},"11":{"start":{"line":20,"column":16},"end":{"line":20,"column":62}},"12":{"start":{"line":27,"column":8},"end":{"line":31,"column":9}},"13":{"start":{"line":28,"column":12},"end":{"line":30,"column":50}},"14":{"start":{"line":33,"column":8},"end":{"line":37,"column":9}},"15":{"start":{"line":34,"column":12},"end":{"line":36,"column":55}},"16":{"start":{"line":39,"column":8},"end":{"line":43,"column":9}},"17":{"start":{"line":40,"column":12},"end":{"line":42,"column":52}},"18":{"start":{"line":45,"column":8},"end":{"line":49,"column":9}},"19":{"start":{"line":46,"column":12},"end":{"line":48,"column":53}},"20":{"start":{"line":51,"column":8},"end":{"line":55,"column":9}},"21":{"start":{"line":52,"column":12},"end":{"line":54,"column":54}},"22":{"start":{"line":57,"column":8},"end":{"line":61,"column":9}},"23":{"start":{"line":58,"column":12},"end":{"line":60,"column":52}},"24":{"start":{"line":65,"column":36},"end":{"line":65,"column":133}},"25":{"start":{"line":66,"column":8},"end":{"line":69,"column":13}},"26":{"start":{"line":68,"column":16},"end":{"line":68,"column":116}},"27":{"start":{"line":70,"column":20},"end":{"line":73,"column":10}},"28":{"start":{"line":74,"column":8},"end":{"line":78,"column":9}},"29":{"start":{"line":75,"column":12},"end":{"line":77,"column":35}},"30":{"start":{"line":76,"column":43},"end":{"line":76,"column":57}},"31":{"start":{"line":80,"column":27},"end":{"line":80,"column":76}},"32":{"start":{"line":81,"column":27},"end":{"line":85,"column":10}},"33":{"start":{"line":86,"column":8},"end":{"line":97,"column":9}},"34":{"start":{"line":87,"column":12},"end":{"line":91,"column":13}},"35":{"start":{"line":88,"column":16},"end":{"line":90,"column":63}},"36":{"start":{"line":94,"column":12},"end":{"line":96,"column":48}},"37":{"start":{"line":98,"column":30},"end":{"line":98,"column":104}},"38":{"start":{"line":99,"column":8},"end":{"line":106,"column":null}},"39":{"start":{"line":107,"column":8},"end":{"line":107,"column":null}},"40":{"start":{"line":111,"column":8},"end":{"line":113,"column":9}},"41":{"start":{"line":112,"column":12},"end":{"line":112,"column":25}},"42":{"start":{"line":114,"column":8},"end":{"line":114,"column":18}},"43":{"start":{"line":14,"column":0},"end":{"line":14,"column":13}}},"fnMap":{"0":{"name":"(anonymous_0)","decl":{"start":{"line":16,"column":4},"end":{"line":16,"column":null}},"loc":{"start":{"line":20,"column":62},"end":{"line":23,"column":5}}},"1":{"name":"(anonymous_1)","decl":{"start":{"line":25,"column":11},"end":{"line":25,"column":16}},"loc":{"start":{"line":25,"column":57},"end":{"line":62,"column":5}}},"2":{"name":"(anonymous_2)","decl":{"start":{"line":64,"column":11},"end":{"line":64,"column":16}},"loc":{"start":{"line":64,"column":56},"end":{"line":108,"column":5}}},"3":{"name":"(anonymous_3)","decl":{"start":{"line":76,"column":38},"end":{"line":76,"column":39}},"loc":{"start":{"line":76,"column":43},"end":{"line":76,"column":57}}},"4":{"name":"(anonymous_4)","decl":{"start":{"line":110,"column":4},"end":{"line":110,"column":16}},"loc":{"start":{"line":110,"column":27},"end":{"line":115,"column":5}}}},"branchMap":{"0":{"loc":{"start":{"line":27,"column":8},"end":{"line":31,"column":9}},"type":"if","locations":[{"start":{"line":27,"column":8},"end":{"line":31,"column":9}}]},"1":{"loc":{"start":{"line":33,"column":8},"end":{"line":37,"column":9}},"type":"if","locations":[{"start":{"line":33,"column":8},"end":{"line":37,"column":9}}]},"2":{"loc":{"start":{"line":39,"column":8},"end":{"line":43,"column":9}},"type":"if","locations":[{"start":{"line":39,"column":8},"end":{"line":43,"column":9}}]},"3":{"loc":{"start":{"line":45,"column":8},"end":{"line":49,"column":9}},"type":"if","locations":[{"start":{"line":45,"column":8},"end":{"line":49,"column":9}}]},"4":{"loc":{"start":{"line":51,"column":8},"end":{"line":55,"column":9}},"type":"if","locations":[{"start":{"line":51,"column":8},"end":{"line":55,"column":9}}]},"5":{"loc":{"start":{"line":57,"column":8},"end":{"line":61,"column":9}},"type":"if","locations":[{"start":{"line":57,"column":8},"end":{"line":61,"column":9}}]},"6":{"loc":{"start":{"line":66,"column":8},"end":{"line":69,"column":13}},"type":"if","locations":[{"start":{"line":66,"column":8},"end":{"line":69,"column":13}}]},"7":{"loc":{"start":{"line":74,"column":8},"end":{"line":78,"column":9}},"type":"if","locations":[{"start":{"line":74,"column":8},"end":{"line":78,"column":9}}]},"8":{"loc":{"start":{"line":86,"column":8},"end":{"line":97,"column":9}},"type":"if","locations":[{"start":{"line":86,"column":8},"end":{"line":97,"column":9}},{"start":{"line":93,"column":13},"end":{"line":97,"column":9}}]},"9":{"loc":{"start":{"line":87,"column":12},"end":{"line":91,"column":13}},"type":"if","locations":[{"start":{"line":87,"column":12},"end":{"line":91,"column":13}}]},"10":{"loc":{"start":{"line":87,"column":17},"end":{"line":87,"column":54}},"type":"binary-expr","locations":[{"start":{"line":87,"column":17},"end":{"line":87,"column":41}},{"start":{"line":87,"column":45},"end":{"line":87,"column":54}}]},"11":{"loc":{"start":{"line":111,"column":8},"end":{"line":113,"column":9}},"type":"if","locations":[{"start":{"line":111,"column":8},"end":{"line":113,"column":9}}]}},"s":{"0":1,"1":1,"2":1,"3":1,"4":1,"5":1,"6":1,"7":1,"8":1,"9":1,"10":1,"11":1,"12":9,"13":1,"14":8,"15":1,"16":7,"17":1,"18":6,"19":1,"20":5,"21":1,"22":4,"23":1,"24":3,"25":3,"26":0,"27":3,"28":3,"29":1,"30":1,"31":2,"32":2,"33":2,"34":1,"35":1,"36":1,"37":0,"38":0,"39":0,"40":9,"41":0,"42":9,"43":1},"f":{"0":1,"1":9,"2":3,"3":1,"4":9},"b":{"0":[1],"1":[1],"2":[1],"3":[1],"4":[1],"5":[1],"6":[0],"7":[1],"8":[1,1],"9":[1],"10":[1,0],"11":[0]}}
,"/Users/timo/ic-projects/hpl-middleware-wallet/src/icrc/allowanceHandlers/update.allowance.handler.ts": {"path":"/Users/timo/ic-projects/hpl-middleware-wallet/src/icrc/allowanceHandlers/update.allowance.handler.ts","statementMap":{"0":{"start":{"line":1,"column":0},"end":{"line":1,"column":74}},"1":{"start":{"line":2,"column":0},"end":{"line":2,"column":60}},"2":{"start":{"line":3,"column":0},"end":{"line":3,"column":61}},"3":{"start":{"line":5,"column":0},"end":{"line":5,"column":83}},"4":{"start":{"line":6,"column":0},"end":{"line":6,"column":50}},"5":{"start":{"line":7,"column":0},"end":{"line":7,"column":28}},"6":{"start":{"line":12,"column":0},"end":{"line":12,"column":55}},"7":{"start":{"line":21,"column":8},"end":{"line":21,"column":16}},"8":{"start":{"line":17,"column":16},"end":{"line":17,"column":57}},"9":{"start":{"line":18,"column":16},"end":{"line":18,"column":58}},"10":{"start":{"line":19,"column":16},"end":{"line":19,"column":70}},"11":{"start":{"line":26,"column":8},"end":{"line":30,"column":9}},"12":{"start":{"line":27,"column":12},"end":{"line":29,"column":50}},"13":{"start":{"line":32,"column":8},"end":{"line":36,"column":9}},"14":{"start":{"line":33,"column":12},"end":{"line":35,"column":45}},"15":{"start":{"line":38,"column":8},"end":{"line":42,"column":9}},"16":{"start":{"line":39,"column":12},"end":{"line":41,"column":50}},"17":{"start":{"line":44,"column":8},"end":{"line":48,"column":9}},"18":{"start":{"line":45,"column":12},"end":{"line":47,"column":44}},"19":{"start":{"line":54,"column":20},"end":{"line":57,"column":10}},"20":{"start":{"line":58,"column":8},"end":{"line":62,"column":9}},"21":{"start":{"line":59,"column":12},"end":{"line":61,"column":35}},"22":{"start":{"line":60,"column":43},"end":{"line":60,"column":57}},"23":{"start":{"line":64,"column":47},"end":{"line":70,"column":10}},"24":{"start":{"line":71,"column":23},"end":{"line":71,"column":79}},"25":{"start":{"line":73,"column":8},"end":{"line":79,"column":10}},"26":{"start":{"line":83,"column":8},"end":{"line":85,"column":9}},"27":{"start":{"line":84,"column":12},"end":{"line":84,"column":25}},"28":{"start":{"line":86,"column":8},"end":{"line":86,"column":18}},"29":{"start":{"line":14,"column":0},"end":{"line":14,"column":13}}},"fnMap":{"0":{"name":"(anonymous_5)","decl":{"start":{"line":16,"column":4},"end":{"line":16,"column":null}},"loc":{"start":{"line":19,"column":70},"end":{"line":22,"column":5}}},"1":{"name":"(anonymous_6)","decl":{"start":{"line":24,"column":11},"end":{"line":24,"column":16}},"loc":{"start":{"line":24,"column":51},"end":{"line":50,"column":5}}},"2":{"name":"(anonymous_7)","decl":{"start":{"line":52,"column":11},"end":{"line":52,"column":16}},"loc":{"start":{"line":52,"column":50},"end":{"line":80,"column":5}}},"3":{"name":"(anonymous_8)","decl":{"start":{"line":60,"column":38},"end":{"line":60,"column":39}},"loc":{"start":{"line":60,"column":43},"end":{"line":60,"column":57}}},"4":{"name":"(anonymous_9)","decl":{"start":{"line":82,"column":4},"end":{"line":82,"column":16}},"loc":{"start":{"line":82,"column":27},"end":{"line":87,"column":5}}}},"branchMap":{"0":{"loc":{"start":{"line":26,"column":8},"end":{"line":30,"column":9}},"type":"if","locations":[{"start":{"line":26,"column":8},"end":{"line":30,"column":9}}]},"1":{"loc":{"start":{"line":32,"column":8},"end":{"line":36,"column":9}},"type":"if","locations":[{"start":{"line":32,"column":8},"end":{"line":36,"column":9}}]},"2":{"loc":{"start":{"line":38,"column":8},"end":{"line":42,"column":9}},"type":"if","locations":[{"start":{"line":38,"column":8},"end":{"line":42,"column":9}}]},"3":{"loc":{"start":{"line":44,"column":8},"end":{"line":48,"column":9}},"type":"if","locations":[{"start":{"line":44,"column":8},"end":{"line":48,"column":9}}]},"4":{"loc":{"start":{"line":58,"column":8},"end":{"line":62,"column":9}},"type":"if","locations":[{"start":{"line":58,"column":8},"end":{"line":62,"column":9}}]},"5":{"loc":{"start":{"line":69,"column":24},"end":{"line":69,"column":126}},"type":"cond-expr","locations":[{"start":{"line":69,"column":42},"end":{"line":69,"column":114}},{"start":{"line":69,"column":117},"end":{"line":69,"column":126}}]},"6":{"loc":{"start":{"line":78,"column":24},"end":{"line":78,"column":135}},"type":"cond-expr","locations":[{"start":{"line":78,"column":44},"end":{"line":78,"column":123}},{"start":{"line":78,"column":126},"end":{"line":78,"column":135}}]},"7":{"loc":{"start":{"line":83,"column":8},"end":{"line":85,"column":9}},"type":"if","locations":[{"start":{"line":83,"column":8},"end":{"line":85,"column":9}}]}},"s":{"0":1,"1":1,"2":1,"3":1,"4":1,"5":1,"6":1,"7":1,"8":1,"9":1,"10":1,"11":5,"12":1,"13":4,"14":1,"15":3,"16":1,"17":2,"18":1,"19":1,"20":1,"21":0,"22":0,"23":1,"24":1,"25":1,"26":4,"27":0,"28":4,"29":1},"f":{"0":1,"1":5,"2":1,"3":0,"4":4},"b":{"0":[1],"1":[1],"2":[1],"3":[1],"4":[0],"5":[0,1],"6":[0,1],"7":[0]}}
,"/Users/timo/ic-projects/hpl-middleware-wallet/src/icrc/assetHandlers/add.asset.handler.ts": {"path":"/Users/timo/ic-projects/hpl-middleware-wallet/src/icrc/assetHandlers/add.asset.handler.ts","statementMap":{"0":{"start":{"line":2,"column":0},"end":{"line":2,"column":74}},"1":{"start":{"line":5,"column":0},"end":{"line":5,"column":72}},"2":{"start":{"line":6,"column":0},"end":{"line":6,"column":61}},"3":{"start":{"line":12,"column":0},"end":{"line":12,"column":52}},"4":{"start":{"line":13,"column":0},"end":{"line":13,"column":45}},"5":{"start":{"line":15,"column":0},"end":{"line":15,"column":55}},"6":{"start":{"line":25,"column":8},"end":{"line":25,"column":16}},"7":{"start":{"line":20,"column":18},"end":{"line":20,"column":59}},"8":{"start":{"line":21,"column":16},"end":{"line":21,"column":48}},"9":{"start":{"line":22,"column":16},"end":{"line":22,"column":50}},"10":{"start":{"line":23,"column":16},"end":{"line":23,"column":52}},"11":{"start":{"line":29,"column":25},"end":{"line":29,"column":86}},"12":{"start":{"line":31,"column":8},"end":{"line":33,"column":9}},"13":{"start":{"line":32,"column":12},"end":{"line":32,"column":101}},"14":{"start":{"line":39,"column":20},"end":{"line":39,"column":66}},"15":{"start":{"line":41,"column":33},"end":{"line":67,"column":10}},"16":{"start":{"line":69,"column":36},"end":{"line":74,"column":null}},"17":{"start":{"line":72,"column":55},"end":{"line":72,"column":70}},"18":{"start":{"line":76,"column":28},"end":{"line":76,"column":68}},"19":{"start":{"line":77,"column":8},"end":{"line":79,"column":9}},"20":{"start":{"line":78,"column":12},"end":{"line":78,"column":null}},"21":{"start":{"line":80,"column":8},"end":{"line":88,"column":9}},"22":{"start":{"line":81,"column":12},"end":{"line":81,"column":53}},"23":{"start":{"line":82,"column":12},"end":{"line":82,"column":51}},"24":{"start":{"line":83,"column":12},"end":{"line":83,"column":47}},"25":{"start":{"line":84,"column":12},"end":{"line":84,"column":63}},"26":{"start":{"line":85,"column":12},"end":{"line":85,"column":67}},"27":{"start":{"line":86,"column":12},"end":{"line":86,"column":51}},"28":{"start":{"line":87,"column":12},"end":{"line":87,"column":61}},"29":{"start":{"line":90,"column":8},"end":{"line":93,"column":11}},"30":{"start":{"line":95,"column":8},"end":{"line":113,"column":11}},"31":{"start":{"line":106,"column":16},"end":{"line":111,"column":null}},"32":{"start":{"line":115,"column":8},"end":{"line":115,"column":18}},"33":{"start":{"line":119,"column":8},"end":{"line":121,"column":9}},"34":{"start":{"line":120,"column":12},"end":{"line":120,"column":25}},"35":{"start":{"line":122,"column":8},"end":{"line":122,"column":18}},"36":{"start":{"line":17,"column":0},"end":{"line":17,"column":13}}},"fnMap":{"0":{"name":"(anonymous_4)","decl":{"start":{"line":19,"column":4},"end":{"line":19,"column":null}},"loc":{"start":{"line":23,"column":52},"end":{"line":26,"column":5}}},"1":{"name":"(anonymous_5)","decl":{"start":{"line":28,"column":11},"end":{"line":28,"column":16}},"loc":{"start":{"line":28,"column":44},"end":{"line":35,"column":5}}},"2":{"name":"(anonymous_6)","decl":{"start":{"line":37,"column":11},"end":{"line":37,"column":16}},"loc":{"start":{"line":37,"column":43},"end":{"line":116,"column":5}}},"3":{"name":"(anonymous_7)","decl":{"start":{"line":72,"column":47},"end":{"line":72,"column":48}},"loc":{"start":{"line":72,"column":55},"end":{"line":72,"column":70}}},"4":{"name":"(anonymous_8)","decl":{"start":{"line":105,"column":47},"end":{"line":105,"column":48}},"loc":{"start":{"line":105,"column":54},"end":{"line":112,"column":13}}},"5":{"name":"(anonymous_9)","decl":{"start":{"line":118,"column":4},"end":{"line":118,"column":16}},"loc":{"start":{"line":118,"column":27},"end":{"line":123,"column":5}}}},"branchMap":{"0":{"loc":{"start":{"line":31,"column":8},"end":{"line":33,"column":9}},"type":"if","locations":[{"start":{"line":31,"column":8},"end":{"line":33,"column":9}}]},"1":{"loc":{"start":{"line":77,"column":8},"end":{"line":79,"column":9}},"type":"if","locations":[{"start":{"line":77,"column":8},"end":{"line":79,"column":9}}]},"2":{"loc":{"start":{"line":80,"column":8},"end":{"line":88,"column":9}},"type":"if","locations":[{"start":{"line":80,"column":8},"end":{"line":88,"column":9}}]},"3":{"loc":{"start":{"line":119,"column":8},"end":{"line":121,"column":9}},"type":"if","locations":[{"start":{"line":119,"column":8},"end":{"line":121,"column":9}}]}},"s":{"0":1,"1":1,"2":1,"3":1,"4":1,"5":1,"6":1,"7":1,"8":1,"9":1,"10":1,"11":3,"12":3,"13":1,"14":2,"15":2,"16":2,"17":2,"18":2,"19":2,"20":1,"21":1,"22":1,"23":1,"24":1,"25":1,"26":1,"27":1,"28":1,"29":1,"30":1,"31":2,"32":1,"33":2,"34":1,"35":1,"36":1},"f":{"0":1,"1":3,"2":2,"3":2,"4":2,"5":2},"b":{"0":[1],"1":[1],"2":[1],"3":[1]}}
,"/Users/timo/ic-projects/hpl-middleware-wallet/src/icrc/assetHandlers/add.subAccount.handler.ts": {"path":"/Users/timo/ic-projects/hpl-middleware-wallet/src/icrc/assetHandlers/add.subAccount.handler.ts","statementMap":{"0":{"start":{"line":2,"column":0},"end":{"line":2,"column":50}},"1":{"start":{"line":3,"column":0},"end":{"line":3,"column":74}},"2":{"start":{"line":4,"column":0},"end":{"line":4,"column":61}},"3":{"start":{"line":9,"column":0},"end":{"line":9,"column":45}},"4":{"start":{"line":18,"column":8},"end":{"line":18,"column":16}},"5":{"start":{"line":15,"column":16},"end":{"line":15,"column":48}},"6":{"start":{"line":16,"column":16},"end":{"line":16,"column":62}},"7":{"start":{"line":26,"column":42},"end":{"line":26,"column":80}},"8":{"start":{"line":28,"column":22},"end":{"line":28,"column":85}},"9":{"start":{"line":30,"column":8},"end":{"line":32,"column":9}},"10":{"start":{"line":31,"column":12},"end":{"line":31,"column":92}},"11":{"start":{"line":34,"column":25},"end":{"line":34,"column":89}},"12":{"start":{"line":34,"column":53},"end":{"line":34,"column":88}},"13":{"start":{"line":36,"column":8},"end":{"line":38,"column":9}},"14":{"start":{"line":37,"column":12},"end":{"line":37,"column":114}},"15":{"start":{"line":40,"column":40},"end":{"line":44,"column":null}},"16":{"start":{"line":46,"column":33},"end":{"line":46,"column":79}},"17":{"start":{"line":47,"column":8},"end":{"line":49,"column":9}},"18":{"start":{"line":48,"column":12},"end":{"line":48,"column":42}},"19":{"start":{"line":50,"column":8},"end":{"line":58,"column":9}},"20":{"start":{"line":51,"column":12},"end":{"line":56,"column":null}},"21":{"start":{"line":57,"column":12},"end":{"line":57,"column":65}},"22":{"start":{"line":60,"column":8},"end":{"line":60,"column":18}},"23":{"start":{"line":64,"column":8},"end":{"line":66,"column":9}},"24":{"start":{"line":65,"column":12},"end":{"line":65,"column":25}},"25":{"start":{"line":67,"column":8},"end":{"line":67,"column":18}},"26":{"start":{"line":11,"column":0},"end":{"line":11,"column":13}}},"fnMap":{"0":{"name":"(anonymous_0)","decl":{"start":{"line":14,"column":4},"end":{"line":14,"column":null}},"loc":{"start":{"line":16,"column":62},"end":{"line":19,"column":5}}},"1":{"name":"(anonymous_1)","decl":{"start":{"line":21,"column":11},"end":{"line":21,"column":16}},"loc":{"start":{"line":21,"column":49},"end":{"line":22,"column":5}}},"2":{"name":"(anonymous_2)","decl":{"start":{"line":24,"column":11},"end":{"line":24,"column":16}},"loc":{"start":{"line":24,"column":48},"end":{"line":61,"column":5}}},"3":{"name":"(anonymous_3)","decl":{"start":{"line":34,"column":48},"end":{"line":34,"column":49}},"loc":{"start":{"line":34,"column":53},"end":{"line":34,"column":88}}},"4":{"name":"(anonymous_4)","decl":{"start":{"line":63,"column":4},"end":{"line":63,"column":16}},"loc":{"start":{"line":63,"column":27},"end":{"line":68,"column":5}}}},"branchMap":{"0":{"loc":{"start":{"line":30,"column":8},"end":{"line":32,"column":9}},"type":"if","locations":[{"start":{"line":30,"column":8},"end":{"line":32,"column":9}}]},"1":{"loc":{"start":{"line":36,"column":8},"end":{"line":38,"column":9}},"type":"if","locations":[{"start":{"line":36,"column":8},"end":{"line":38,"column":9}}]},"2":{"loc":{"start":{"line":47,"column":8},"end":{"line":49,"column":9}},"type":"if","locations":[{"start":{"line":47,"column":8},"end":{"line":49,"column":9}}]},"3":{"loc":{"start":{"line":50,"column":8},"end":{"line":58,"column":9}},"type":"if","locations":[{"start":{"line":50,"column":8},"end":{"line":58,"column":9}}]},"4":{"loc":{"start":{"line":50,"column":12},"end":{"line":50,"column":62}},"type":"binary-expr","locations":[{"start":{"line":50,"column":12},"end":{"line":50,"column":37}},{"start":{"line":50,"column":41},"end":{"line":50,"column":62}}]},"5":{"loc":{"start":{"line":64,"column":8},"end":{"line":66,"column":9}},"type":"if","locations":[{"start":{"line":64,"column":8},"end":{"line":66,"column":9}}]}},"s":{"0":1,"1":1,"2":1,"3":1,"4":1,"5":1,"6":1,"7":4,"8":4,"9":4,"10":1,"11":3,"12":3,"13":3,"14":1,"15":2,"16":2,"17":2,"18":1,"19":1,"20":1,"21":1,"22":1,"23":3,"24":1,"25":2,"26":1},"f":{"0":1,"1":4,"2":4,"3":3,"4":3},"b":{"0":[1],"1":[1],"2":[1],"3":[1],"4":[1,1],"5":[1]}}
,"/Users/timo/ic-projects/hpl-middleware-wallet/src/icrc/assetHandlers/base.handler.ts": {"path":"/Users/timo/ic-projects/hpl-middleware-wallet/src/icrc/assetHandlers/base.handler.ts","statementMap":{"0":{"start":{"line":1,"column":0},"end":{"line":1,"column":68}},"1":{"start":{"line":13,"column":8},"end":{"line":22,"column":9}},"2":{"start":{"line":14,"column":12},"end":{"line":14,"column":38}},"3":{"start":{"line":16,"column":25},"end":{"line":16,"column":49}},"4":{"start":{"line":18,"column":12},"end":{"line":18,"column":44}},"5":{"start":{"line":21,"column":12},"end":{"line":21,"column":48}},"6":{"start":{"line":26,"column":37},"end":{"line":26,"column":61}},"7":{"start":{"line":28,"column":8},"end":{"line":30,"column":9}},"8":{"start":{"line":29,"column":12},"end":{"line":29,"column":44}},"9":{"start":{"line":32,"column":27},"end":{"line":32,"column":51}},"10":{"start":{"line":34,"column":8},"end":{"line":57,"column":9}},"11":{"start":{"line":35,"column":12},"end":{"line":39,"column":null}},"12":{"start":{"line":43,"column":12},"end":{"line":56,"column":13}},"13":{"start":{"line":44,"column":16},"end":{"line":48,"column":19}},"14":{"start":{"line":51,"column":16},"end":{"line":55,"column":19}},"15":{"start":{"line":59,"column":8},"end":{"line":59,"column":40}},"16":{"start":{"line":4,"column":0},"end":{"line":4,"column":22}}},"fnMap":{"0":{"name":"(anonymous_0)","decl":{"start":{"line":12,"column":11},"end":{"line":12,"column":16}},"loc":{"start":{"line":12,"column":35},"end":{"line":23,"column":5}}},"1":{"name":"(anonymous_1)","decl":{"start":{"line":25,"column":12},"end":{"line":25,"column":32}},"loc":{"start":{"line":25,"column":43},"end":{"line":60,"column":5}}}},"branchMap":{"0":{"loc":{"start":{"line":28,"column":8},"end":{"line":30,"column":9}},"type":"if","locations":[{"start":{"line":28,"column":8},"end":{"line":30,"column":9}}]},"1":{"loc":{"start":{"line":34,"column":8},"end":{"line":57,"column":9}},"type":"if","locations":[{"start":{"line":34,"column":8},"end":{"line":57,"column":9}},{"start":{"line":41,"column":13},"end":{"line":57,"column":9}}]},"2":{"loc":{"start":{"line":34,"column":12},"end":{"line":34,"column":52}},"type":"binary-expr","locations":[{"start":{"line":34,"column":12},"end":{"line":34,"column":22}},{"start":{"line":34,"column":26},"end":{"line":34,"column":52}}]},"3":{"loc":{"start":{"line":43,"column":12},"end":{"line":56,"column":13}},"type":"if","locations":[{"start":{"line":43,"column":12},"end":{"line":56,"column":13}},{"start":{"line":50,"column":17},"end":{"line":56,"column":13}}]},"4":{"loc":{"start":{"line":52,"column":29},"end":{"line":52,"column":65}},"type":"binary-expr","locations":[{"start":{"line":52,"column":29},"end":{"line":52,"column":50}},{"start":{"line":52,"column":54},"end":{"line":52,"column":65}}]}},"s":{"0":38,"1":152,"2":152,"3":90,"4":60,"5":92,"6":92,"7":92,"8":6,"9":86,"10":86,"11":61,"12":25,"13":18,"14":7,"15":86,"16":38},"f":{"0":152,"1":92},"b":{"0":[6],"1":[61,25],"2":[86,83],"3":[18,7],"4":[7,3]}}
,"/Users/timo/ic-projects/hpl-middleware-wallet/src/icrc/assetHandlers/check.asset.handler.ts": {"path":"/Users/timo/ic-projects/hpl-middleware-wallet/src/icrc/assetHandlers/check.asset.handler.ts","statementMap":{"0":{"start":{"line":1,"column":0},"end":{"line":1,"column":47}},"1":{"start":{"line":6,"column":0},"end":{"line":6,"column":60}},"2":{"start":{"line":7,"column":0},"end":{"line":7,"column":62}},"3":{"start":{"line":9,"column":0},"end":{"line":9,"column":45}},"4":{"start":{"line":16,"column":8},"end":{"line":16,"column":16}},"5":{"start":{"line":14,"column":24},"end":{"line":14,"column":60}},"6":{"start":{"line":15,"column":16},"end":{"line":15,"column":48}},"7":{"start":{"line":24,"column":8},"end":{"line":37,"column":10}},"8":{"start":{"line":39,"column":29},"end":{"line":39,"column":90}},"9":{"start":{"line":41,"column":8},"end":{"line":85,"column":9}},"10":{"start":{"line":42,"column":12},"end":{"line":46,"column":14}},"11":{"start":{"line":50,"column":12},"end":{"line":71,"column":13}},"12":{"start":{"line":51,"column":38},"end":{"line":53,"column":null}},"13":{"start":{"line":56,"column":33},"end":{"line":56,"column":74}},"14":{"start":{"line":58,"column":39},"end":{"line":58,"column":78}},"15":{"start":{"line":60,"column":16},"end":{"line":60,"column":51}},"16":{"start":{"line":61,"column":16},"end":{"line":61,"column":44}},"17":{"start":{"line":62,"column":16},"end":{"line":62,"column":48}},"18":{"start":{"line":63,"column":16},"end":{"line":63,"column":55}},"19":{"start":{"line":66,"column":16},"end":{"line":70,"column":18}},"20":{"start":{"line":73,"column":12},"end":{"line":84,"column":13}},"21":{"start":{"line":74,"column":37},"end":{"line":74,"column":82}},"22":{"start":{"line":76,"column":16},"end":{"line":76,"column":90}},"23":{"start":{"line":79,"column":16},"end":{"line":83,"column":18}},"24":{"start":{"line":87,"column":8},"end":{"line":87,"column":22}},"25":{"start":{"line":91,"column":8},"end":{"line":91,"column":18}},"26":{"start":{"line":11,"column":0},"end":{"line":11,"column":13}}},"fnMap":{"0":{"name":"(anonymous_0)","decl":{"start":{"line":14,"column":4},"end":{"line":14,"column":24}},"loc":{"start":{"line":15,"column":48},"end":{"line":17,"column":5}}},"1":{"name":"(anonymous_1)","decl":{"start":{"line":19,"column":11},"end":{"line":19,"column":16}},"loc":{"start":{"line":19,"column":46},"end":{"line":19,"column":66}}},"2":{"name":"(anonymous_2)","decl":{"start":{"line":21,"column":11},"end":{"line":21,"column":16}},"loc":{"start":{"line":21,"column":45},"end":{"line":88,"column":5}}},"3":{"name":"(anonymous_3)","decl":{"start":{"line":90,"column":4},"end":{"line":90,"column":16}},"loc":{"start":{"line":90,"column":27},"end":{"line":92,"column":5}}}},"branchMap":{"0":{"loc":{"start":{"line":41,"column":8},"end":{"line":85,"column":9}},"type":"if","locations":[{"start":{"line":41,"column":8},"end":{"line":85,"column":9}},{"start":{"line":48,"column":13},"end":{"line":85,"column":9}}]}},"s":{"0":1,"1":1,"2":1,"3":1,"4":1,"5":1,"6":1,"7":4,"8":4,"9":4,"10":1,"11":3,"12":3,"13":2,"14":1,"15":1,"16":1,"17":1,"18":1,"19":2,"20":3,"21":3,"22":3,"23":1,"24":4,"25":0,"26":1},"f":{"0":1,"1":4,"2":4,"3":0},"b":{"0":[1,3]}}
,"/Users/timo/ic-projects/hpl-middleware-wallet/src/icrc/assetHandlers/get.list.asset.handler.ts": {"path":"/Users/timo/ic-projects/hpl-middleware-wallet/src/icrc/assetHandlers/get.list.asset.handler.ts","statementMap":{"0":{"start":{"line":2,"column":0},"end":{"line":2,"column":86}},"1":{"start":{"line":8,"column":0},"end":{"line":8,"column":45}},"2":{"start":{"line":10,"column":0},"end":{"line":10,"column":55}},"3":{"start":{"line":19,"column":8},"end":{"line":19,"column":16}},"4":{"start":{"line":15,"column":16},"end":{"line":15,"column":48}},"5":{"start":{"line":16,"column":16},"end":{"line":16,"column":50}},"6":{"start":{"line":17,"column":18},"end":{"line":17,"column":59}},"7":{"start":{"line":26,"column":43},"end":{"line":28,"column":10}},"8":{"start":{"line":30,"column":26},"end":{"line":30,"column":73}},"9":{"start":{"line":32,"column":58},"end":{"line":32,"column":60}},"10":{"start":{"line":33,"column":8},"end":{"line":41,"column":11}},"11":{"start":{"line":34,"column":40},"end":{"line":39,"column":14}},"12":{"start":{"line":37,"column":65},"end":{"line":37,"column":80}},"13":{"start":{"line":40,"column":12},"end":{"line":40,"column":61}},"14":{"start":{"line":42,"column":30},"end":{"line":42,"column":56}},"15":{"start":{"line":43,"column":8},"end":{"line":94,"column":11}},"16":{"start":{"line":44,"column":41},"end":{"line":70,"column":14}},"17":{"start":{"line":53,"column":20},"end":{"line":62,"column":22}},"18":{"start":{"line":71,"column":34},"end":{"line":71,"column":74}},"19":{"start":{"line":71,"column":62},"end":{"line":71,"column":73}},"20":{"start":{"line":72,"column":12},"end":{"line":75,"column":13}},"21":{"start":{"line":73,"column":31},"end":{"line":73,"column":69}},"22":{"start":{"line":73,"column":60},"end":{"line":73,"column":68}},"23":{"start":{"line":74,"column":16},"end":{"line":74,"column":29}},"24":{"start":{"line":76,"column":30},"end":{"line":76,"column":119}},"25":{"start":{"line":76,"column":56},"end":{"line":76,"column":118}},"26":{"start":{"line":77,"column":12},"end":{"line":92,"column":13}},"27":{"start":{"line":78,"column":16},"end":{"line":78,"column":74}},"28":{"start":{"line":79,"column":16},"end":{"line":79,"column":60}},"29":{"start":{"line":80,"column":16},"end":{"line":80,"column":65}},"30":{"start":{"line":81,"column":16},"end":{"line":81,"column":54}},"31":{"start":{"line":82,"column":16},"end":{"line":82,"column":40}},"32":{"start":{"line":83,"column":16},"end":{"line":91,"column":19}},"33":{"start":{"line":84,"column":43},"end":{"line":84,"column":118}},"34":{"start":{"line":84,"column":83},"end":{"line":84,"column":117}},"35":{"start":{"line":85,"column":20},"end":{"line":90,"column":21}},"36":{"start":{"line":86,"column":24},"end":{"line":86,"column":60}},"37":{"start":{"line":87,"column":24},"end":{"line":87,"column":74}},"38":{"start":{"line":88,"column":24},"end":{"line":88,"column":61}},"39":{"start":{"line":89,"column":24},"end":{"line":89,"column":41}},"40":{"start":{"line":93,"column":12},"end":{"line":93,"column":42}},"41":{"start":{"line":95,"column":8},"end":{"line":95,"column":22}},"42":{"start":{"line":99,"column":8},"end":{"line":101,"column":9}},"43":{"start":{"line":100,"column":12},"end":{"line":100,"column":25}},"44":{"start":{"line":102,"column":8},"end":{"line":102,"column":18}},"45":{"start":{"line":12,"column":0},"end":{"line":12,"column":13}}},"fnMap":{"0":{"name":"(anonymous_4)","decl":{"start":{"line":14,"column":4},"end":{"line":14,"column":null}},"loc":{"start":{"line":17,"column":59},"end":{"line":20,"column":5}}},"1":{"name":"(anonymous_5)","decl":{"start":{"line":22,"column":11},"end":{"line":22,"column":16}},"loc":{"start":{"line":22,"column":48},"end":{"line":22,"column":68}}},"2":{"name":"(anonymous_6)","decl":{"start":{"line":24,"column":11},"end":{"line":24,"column":16}},"loc":{"start":{"line":24,"column":47},"end":{"line":96,"column":5}}},"3":{"name":"(anonymous_7)","decl":{"start":{"line":33,"column":26},"end":{"line":33,"column":27}},"loc":{"start":{"line":33,"column":42},"end":{"line":41,"column":9}}},"4":{"name":"(anonymous_8)","decl":{"start":{"line":37,"column":57},"end":{"line":37,"column":58}},"loc":{"start":{"line":37,"column":65},"end":{"line":37,"column":80}}},"5":{"name":"(anonymous_9)","decl":{"start":{"line":43,"column":26},"end":{"line":43,"column":27}},"loc":{"start":{"line":43,"column":36},"end":{"line":94,"column":9}}},"6":{"name":"(anonymous_10)","decl":{"start":{"line":52,"column":51},"end":{"line":52,"column":52}},"loc":{"start":{"line":52,"column":58},"end":{"line":63,"column":17}}},"7":{"name":"(anonymous_11)","decl":{"start":{"line":71,"column":55},"end":{"line":71,"column":56}},"loc":{"start":{"line":71,"column":62},"end":{"line":71,"column":73}}},"8":{"name":"(anonymous_12)","decl":{"start":{"line":73,"column":53},"end":{"line":73,"column":54}},"loc":{"start":{"line":73,"column":60},"end":{"line":73,"column":68}}},"9":{"name":"(anonymous_13)","decl":{"start":{"line":76,"column":49},"end":{"line":76,"column":50}},"loc":{"start":{"line":76,"column":56},"end":{"line":76,"column":118}}},"10":{"name":"(anonymous_14)","decl":{"start":{"line":83,"column":46},"end":{"line":83,"column":47}},"loc":{"start":{"line":83,"column":53},"end":{"line":91,"column":17}}},"11":{"name":"(anonymous_15)","decl":{"start":{"line":84,"column":76},"end":{"line":84,"column":77}},"loc":{"start":{"line":84,"column":83},"end":{"line":84,"column":117}}},"12":{"name":"(anonymous_16)","decl":{"start":{"line":98,"column":4},"end":{"line":98,"column":16}},"loc":{"start":{"line":98,"column":27},"end":{"line":103,"column":5}}}},"branchMap":{"0":{"loc":{"start":{"line":72,"column":12},"end":{"line":75,"column":13}},"type":"if","locations":[{"start":{"line":72,"column":12},"end":{"line":75,"column":13}}]},"1":{"loc":{"start":{"line":76,"column":56},"end":{"line":76,"column":118}},"type":"binary-expr","locations":[{"start":{"line":76,"column":56},"end":{"line":76,"column":66}},{"start":{"line":76,"column":70},"end":{"line":76,"column":118}}]},"2":{"loc":{"start":{"line":77,"column":12},"end":{"line":92,"column":13}},"type":"if","locations":[{"start":{"line":77,"column":12},"end":{"line":92,"column":13}}]},"3":{"loc":{"start":{"line":85,"column":20},"end":{"line":90,"column":21}},"type":"if","locations":[{"start":{"line":85,"column":20},"end":{"line":90,"column":21}}]},"4":{"loc":{"start":{"line":99,"column":8},"end":{"line":101,"column":9}},"type":"if","locations":[{"start":{"line":99,"column":8},"end":{"line":101,"column":9}}]}},"s":{"0":4,"1":4,"2":4,"3":1,"4":1,"5":1,"6":1,"7":3,"8":3,"9":2,"10":2,"11":2,"12":3,"13":2,"14":2,"15":2,"16":2,"17":3,"18":2,"19":2,"20":2,"21":1,"22":1,"23":1,"24":1,"25":1,"26":1,"27":1,"28":1,"29":1,"30":1,"31":1,"32":1,"33":2,"34":3,"35":2,"36":2,"37":2,"38":2,"39":2,"40":1,"41":1,"42":2,"43":1,"44":1,"45":4},"f":{"0":1,"1":3,"2":3,"3":2,"4":3,"5":2,"6":3,"7":2,"8":1,"9":1,"10":2,"11":3,"12":2},"b":{"0":[1],"1":[1,1],"2":[1],"3":[2],"4":[1]}}
,"/Users/timo/ic-projects/hpl-middleware-wallet/src/icrc/assetHandlers/remove.asset.handler.ts": {"path":"/Users/timo/ic-projects/hpl-middleware-wallet/src/icrc/assetHandlers/remove.asset.handler.ts","statementMap":{"0":{"start":{"line":5,"column":0},"end":{"line":5,"column":45}},"1":{"start":{"line":15,"column":8},"end":{"line":15,"column":16}},"2":{"start":{"line":12,"column":16},"end":{"line":12,"column":48}},"3":{"start":{"line":13,"column":16},"end":{"line":13,"column":52}},"4":{"start":{"line":14,"column":16},"end":{"line":14,"column":59}},"5":{"start":{"line":23,"column":8},"end":{"line":23,"column":null}},"6":{"start":{"line":24,"column":8},"end":{"line":24,"column":56}},"7":{"start":{"line":25,"column":8},"end":{"line":25,"column":null}},"8":{"start":{"line":26,"column":8},"end":{"line":26,"column":18}},"9":{"start":{"line":30,"column":8},"end":{"line":30,"column":18}},"10":{"start":{"line":8,"column":0},"end":{"line":8,"column":13}}},"fnMap":{"0":{"name":"(anonymous_0)","decl":{"start":{"line":11,"column":4},"end":{"line":11,"column":null}},"loc":{"start":{"line":14,"column":59},"end":{"line":16,"column":5}}},"1":{"name":"(anonymous_1)","decl":{"start":{"line":18,"column":11},"end":{"line":18,"column":16}},"loc":{"start":{"line":18,"column":47},"end":{"line":19,"column":5}}},"2":{"name":"(anonymous_2)","decl":{"start":{"line":21,"column":11},"end":{"line":21,"column":16}},"loc":{"start":{"line":21,"column":46},"end":{"line":27,"column":5}}},"3":{"name":"(anonymous_3)","decl":{"start":{"line":29,"column":4},"end":{"line":29,"column":16}},"loc":{"start":{"line":29,"column":27},"end":{"line":31,"column":5}}}},"branchMap":{},"s":{"0":1,"1":1,"2":1,"3":1,"4":1,"5":1,"6":1,"7":1,"8":1,"9":1,"10":1},"f":{"0":1,"1":2,"2":1,"3":1},"b":{}}
,"/Users/timo/ic-projects/hpl-middleware-wallet/src/icrc/assetHandlers/remove.subAccount.handler.ts": {"path":"/Users/timo/ic-projects/hpl-middleware-wallet/src/icrc/assetHandlers/remove.subAccount.handler.ts","statementMap":{"0":{"start":{"line":5,"column":0},"end":{"line":5,"column":45}},"1":{"start":{"line":6,"column":0},"end":{"line":6,"column":50}},"2":{"start":{"line":15,"column":8},"end":{"line":15,"column":16}},"3":{"start":{"line":13,"column":16},"end":{"line":13,"column":48}},"4":{"start":{"line":14,"column":16},"end":{"line":14,"column":59}},"5":{"start":{"line":23,"column":8},"end":{"line":23,"column":null}},"6":{"start":{"line":25,"column":8},"end":{"line":25,"column":58}},"7":{"start":{"line":27,"column":8},"end":{"line":27,"column":18}},"8":{"start":{"line":31,"column":8},"end":{"line":31,"column":18}},"9":{"start":{"line":9,"column":0},"end":{"line":9,"column":13}}},"fnMap":{"0":{"name":"(anonymous_0)","decl":{"start":{"line":12,"column":4},"end":{"line":12,"column":null}},"loc":{"start":{"line":14,"column":59},"end":{"line":16,"column":5}}},"1":{"name":"(anonymous_1)","decl":{"start":{"line":18,"column":11},"end":{"line":18,"column":16}},"loc":{"start":{"line":18,"column":52},"end":{"line":19,"column":5}}},"2":{"name":"(anonymous_2)","decl":{"start":{"line":21,"column":11},"end":{"line":21,"column":16}},"loc":{"start":{"line":21,"column":51},"end":{"line":28,"column":5}}},"3":{"name":"(anonymous_3)","decl":{"start":{"line":30,"column":4},"end":{"line":30,"column":16}},"loc":{"start":{"line":30,"column":27},"end":{"line":32,"column":5}}}},"branchMap":{},"s":{"0":1,"1":1,"2":1,"3":1,"4":1,"5":1,"6":1,"7":1,"8":1,"9":1},"f":{"0":1,"1":2,"2":1,"3":1},"b":{}}
,"/Users/timo/ic-projects/hpl-middleware-wallet/src/icrc/assetHandlers/update.asset.handler.ts": {"path":"/Users/timo/ic-projects/hpl-middleware-wallet/src/icrc/assetHandlers/update.asset.handler.ts","statementMap":{"0":{"start":{"line":4,"column":0},"end":{"line":4,"column":45}},"1":{"start":{"line":12,"column":8},"end":{"line":12,"column":16}},"2":{"start":{"line":11,"column":16},"end":{"line":11,"column":48}},"3":{"start":{"line":20,"column":8},"end":{"line":20,"column":53}},"4":{"start":{"line":22,"column":8},"end":{"line":22,"column":19}},"5":{"start":{"line":26,"column":8},"end":{"line":26,"column":18}},"6":{"start":{"line":7,"column":0},"end":{"line":7,"column":13}}},"fnMap":{"0":{"name":"(anonymous_0)","decl":{"start":{"line":10,"column":4},"end":{"line":10,"column":null}},"loc":{"start":{"line":11,"column":48},"end":{"line":13,"column":5}}},"1":{"name":"(anonymous_1)","decl":{"start":{"line":15,"column":11},"end":{"line":15,"column":16}},"loc":{"start":{"line":15,"column":47},"end":{"line":16,"column":5}}},"2":{"name":"(anonymous_2)","decl":{"start":{"line":18,"column":11},"end":{"line":18,"column":16}},"loc":{"start":{"line":18,"column":46},"end":{"line":23,"column":5}}},"3":{"name":"(anonymous_3)","decl":{"start":{"line":25,"column":4},"end":{"line":25,"column":16}},"loc":{"start":{"line":25,"column":27},"end":{"line":27,"column":5}}}},"branchMap":{},"s":{"0":1,"1":1,"2":1,"3":1,"4":1,"5":1,"6":1},"f":{"0":1,"1":2,"2":1,"3":1},"b":{}}
,"/Users/timo/ic-projects/hpl-middleware-wallet/src/icrc/assetHandlers/update.subAccount.handler.ts": {"path":"/Users/timo/ic-projects/hpl-middleware-wallet/src/icrc/assetHandlers/update.subAccount.handler.ts","statementMap":{"0":{"start":{"line":4,"column":0},"end":{"line":4,"column":45}},"1":{"start":{"line":12,"column":8},"end":{"line":12,"column":16}},"2":{"start":{"line":11,"column":16},"end":{"line":11,"column":48}},"3":{"start":{"line":20,"column":8},"end":{"line":20,"column":58}},"4":{"start":{"line":22,"column":8},"end":{"line":22,"column":19}},"5":{"start":{"line":26,"column":8},"end":{"line":26,"column":18}},"6":{"start":{"line":7,"column":0},"end":{"line":7,"column":13}}},"fnMap":{"0":{"name":"(anonymous_0)","decl":{"start":{"line":10,"column":4},"end":{"line":10,"column":null}},"loc":{"start":{"line":11,"column":48},"end":{"line":13,"column":5}}},"1":{"name":"(anonymous_1)","decl":{"start":{"line":15,"column":11},"end":{"line":15,"column":16}},"loc":{"start":{"line":15,"column":52},"end":{"line":16,"column":5}}},"2":{"name":"(anonymous_2)","decl":{"start":{"line":18,"column":11},"end":{"line":18,"column":16}},"loc":{"start":{"line":18,"column":51},"end":{"line":23,"column":5}}},"3":{"name":"(anonymous_3)","decl":{"start":{"line":25,"column":4},"end":{"line":25,"column":16}},"loc":{"start":{"line":25,"column":27},"end":{"line":27,"column":5}}}},"branchMap":{},"s":{"0":1,"1":1,"2":1,"3":1,"4":1,"5":1,"6":1},"f":{"0":1,"1":2,"2":1,"3":1},"b":{}}
,"/Users/timo/ic-projects/hpl-middleware-wallet/src/icrc/contactHandlers/add.asset.contact.handler.ts": {"path":"/Users/timo/ic-projects/hpl-middleware-wallet/src/icrc/contactHandlers/add.asset.contact.handler.ts","statementMap":{"0":{"start":{"line":1,"column":0},"end":{"line":1,"column":74}},"1":{"start":{"line":5,"column":0},"end":{"line":5,"column":60}},"2":{"start":{"line":6,"column":0},"end":{"line":6,"column":61}},"3":{"start":{"line":8,"column":0},"end":{"line":8,"column":55}},"4":{"start":{"line":16,"column":8},"end":{"line":16,"column":16}},"5":{"start":{"line":13,"column":18},"end":{"line":13,"column":59}},"6":{"start":{"line":14,"column":16},"end":{"line":14,"column":52}},"7":{"start":{"line":21,"column":8},"end":{"line":25,"column":9}},"8":{"start":{"line":22,"column":12},"end":{"line":24,"column":47}},"9":{"start":{"line":27,"column":8},"end":{"line":31,"column":9}},"10":{"start":{"line":28,"column":12},"end":{"line":30,"column":50}},"11":{"start":{"line":35,"column":8},"end":{"line":35,"column":59}},"12":{"start":{"line":36,"column":8},"end":{"line":36,"column":18}},"13":{"start":{"line":40,"column":8},"end":{"line":42,"column":9}},"14":{"start":{"line":41,"column":12},"end":{"line":41,"column":25}},"15":{"start":{"line":43,"column":8},"end":{"line":43,"column":18}},"16":{"start":{"line":10,"column":0},"end":{"line":10,"column":13}}},"fnMap":{"0":{"name":"(anonymous_4)","decl":{"start":{"line":12,"column":4},"end":{"line":12,"column":null}},"loc":{"start":{"line":14,"column":52},"end":{"line":17,"column":5}}},"1":{"name":"(anonymous_5)","decl":{"start":{"line":19,"column":11},"end":{"line":19,"column":16}},"loc":{"start":{"line":19,"column":51},"end":{"line":32,"column":5}}},"2":{"name":"(anonymous_6)","decl":{"start":{"line":34,"column":11},"end":{"line":34,"column":16}},"loc":{"start":{"line":34,"column":50},"end":{"line":37,"column":5}}},"3":{"name":"(anonymous_7)","decl":{"start":{"line":39,"column":4},"end":{"line":39,"column":16}},"loc":{"start":{"line":39,"column":27},"end":{"line":44,"column":5}}}},"branchMap":{"0":{"loc":{"start":{"line":21,"column":8},"end":{"line":25,"column":9}},"type":"if","locations":[{"start":{"line":21,"column":8},"end":{"line":25,"column":9}}]},"1":{"loc":{"start":{"line":27,"column":8},"end":{"line":31,"column":9}},"type":"if","locations":[{"start":{"line":27,"column":8},"end":{"line":31,"column":9}}]},"2":{"loc":{"start":{"line":40,"column":8},"end":{"line":42,"column":9}},"type":"if","locations":[{"start":{"line":40,"column":8},"end":{"line":42,"column":9}}]}},"s":{"0":1,"1":1,"2":1,"3":1,"4":1,"5":1,"6":1,"7":3,"8":1,"9":2,"10":1,"11":1,"12":1,"13":2,"14":0,"15":2,"16":1},"f":{"0":1,"1":3,"2":1,"3":2},"b":{"0":[1],"1":[1],"2":[0]}}
,"/Users/timo/ic-projects/hpl-middleware-wallet/src/icrc/contactHandlers/add.contact.handler.ts": {"path":"/Users/timo/ic-projects/hpl-middleware-wallet/src/icrc/contactHandlers/add.contact.handler.ts","statementMap":{"0":{"start":{"line":1,"column":0},"end":{"line":1,"column":74}},"1":{"start":{"line":5,"column":0},"end":{"line":5,"column":60}},"2":{"start":{"line":6,"column":0},"end":{"line":6,"column":61}},"3":{"start":{"line":7,"column":0},"end":{"line":7,"column":49}},"4":{"start":{"line":9,"column":0},"end":{"line":9,"column":55}},"5":{"start":{"line":17,"column":8},"end":{"line":17,"column":16}},"6":{"start":{"line":14,"column":18},"end":{"line":14,"column":59}},"7":{"start":{"line":15,"column":16},"end":{"line":15,"column":52}},"8":{"start":{"line":22,"column":8},"end":{"line":26,"column":9}},"9":{"start":{"line":23,"column":12},"end":{"line":25,"column":42}},"10":{"start":{"line":28,"column":8},"end":{"line":32,"column":9}},"11":{"start":{"line":29,"column":12},"end":{"line":31,"column":47}},"12":{"start":{"line":34,"column":25},"end":{"line":34,"column":84}},"13":{"start":{"line":36,"column":8},"end":{"line":38,"column":9}},"14":{"start":{"line":37,"column":12},"end":{"line":37,"column":101}},"15":{"start":{"line":40,"column":28},"end":{"line":40,"column":69}},"16":{"start":{"line":40,"column":55},"end":{"line":40,"column":68}},"17":{"start":{"line":42,"column":8},"end":{"line":46,"column":9}},"18":{"start":{"line":42,"column":39},"end":{"line":42,"column":74}},"19":{"start":{"line":43,"column":12},"end":{"line":45,"column":44}},"20":{"start":{"line":47,"column":8},"end":{"line":51,"column":9}},"21":{"start":{"line":47,"column":39},"end":{"line":47,"column":85}},"22":{"start":{"line":48,"column":12},"end":{"line":50,"column":45}},"23":{"start":{"line":53,"column":8},"end":{"line":57,"column":9}},"24":{"start":{"line":53,"column":39},"end":{"line":53,"column":87}},"25":{"start":{"line":54,"column":12},"end":{"line":56,"column":45}},"26":{"start":{"line":62,"column":38},"end":{"line":76,"column":10}},"27":{"start":{"line":66,"column":16},"end":{"line":74,"column":null}},"28":{"start":{"line":69,"column":24},"end":{"line":72,"column":null}},"29":{"start":{"line":77,"column":8},"end":{"line":77,"column":57}},"30":{"start":{"line":79,"column":8},"end":{"line":79,"column":18}},"31":{"start":{"line":82,"column":8},"end":{"line":84,"column":9}},"32":{"start":{"line":83,"column":12},"end":{"line":83,"column":25}},"33":{"start":{"line":85,"column":8},"end":{"line":85,"column":18}},"34":{"start":{"line":11,"column":0},"end":{"line":11,"column":13}}},"fnMap":{"0":{"name":"(anonymous_4)","decl":{"start":{"line":13,"column":4},"end":{"line":13,"column":null}},"loc":{"start":{"line":15,"column":52},"end":{"line":18,"column":5}}},"1":{"name":"(anonymous_5)","decl":{"start":{"line":20,"column":11},"end":{"line":20,"column":16}},"loc":{"start":{"line":20,"column":46},"end":{"line":58,"column":5}}},"2":{"name":"(anonymous_6)","decl":{"start":{"line":40,"column":48},"end":{"line":40,"column":49}},"loc":{"start":{"line":40,"column":55},"end":{"line":40,"column":68}}},"3":{"name":"(anonymous_7)","decl":{"start":{"line":42,"column":31},"end":{"line":42,"column":32}},"loc":{"start":{"line":42,"column":39},"end":{"line":42,"column":74}}},"4":{"name":"(anonymous_8)","decl":{"start":{"line":47,"column":31},"end":{"line":47,"column":32}},"loc":{"start":{"line":47,"column":39},"end":{"line":47,"column":85}}},"5":{"name":"(anonymous_9)","decl":{"start":{"line":53,"column":31},"end":{"line":53,"column":32}},"loc":{"start":{"line":53,"column":39},"end":{"line":53,"column":87}}},"6":{"name":"(anonymous_10)","decl":{"start":{"line":60,"column":11},"end":{"line":60,"column":16}},"loc":{"start":{"line":60,"column":45},"end":{"line":80,"column":5}}},"7":{"name":"(anonymous_11)","decl":{"start":{"line":65,"column":36},"end":{"line":65,"column":37}},"loc":{"start":{"line":65,"column":60},"end":{"line":75,"column":13}}},"8":{"name":"(anonymous_12)","decl":{"start":{"line":68,"column":51},"end":{"line":68,"column":52}},"loc":{"start":{"line":68,"column":81},"end":{"line":73,"column":21}}},"9":{"name":"(anonymous_13)","decl":{"start":{"line":81,"column":4},"end":{"line":81,"column":16}},"loc":{"start":{"line":81,"column":27},"end":{"line":86,"column":5}}}},"branchMap":{"0":{"loc":{"start":{"line":22,"column":8},"end":{"line":26,"column":9}},"type":"if","locations":[{"start":{"line":22,"column":8},"end":{"line":26,"column":9}}]},"1":{"loc":{"start":{"line":28,"column":8},"end":{"line":32,"column":9}},"type":"if","locations":[{"start":{"line":28,"column":8},"end":{"line":32,"column":9}}]},"2":{"loc":{"start":{"line":36,"column":8},"end":{"line":38,"column":9}},"type":"if","locations":[{"start":{"line":36,"column":8},"end":{"line":38,"column":9}}]},"3":{"loc":{"start":{"line":42,"column":8},"end":{"line":46,"column":9}},"type":"if","locations":[{"start":{"line":42,"column":8},"end":{"line":46,"column":9}}]},"4":{"loc":{"start":{"line":47,"column":8},"end":{"line":51,"column":9}},"type":"if","locations":[{"start":{"line":47,"column":8},"end":{"line":51,"column":9}}]},"5":{"loc":{"start":{"line":53,"column":8},"end":{"line":57,"column":9}},"type":"if","locations":[{"start":{"line":53,"column":8},"end":{"line":57,"column":9}}]},"6":{"loc":{"start":{"line":82,"column":8},"end":{"line":84,"column":9}},"type":"if","locations":[{"start":{"line":82,"column":8},"end":{"line":84,"column":9}}]}},"s":{"0":1,"1":1,"2":1,"3":1,"4":1,"5":1,"6":1,"7":1,"8":7,"9":1,"10":6,"11":1,"12":5,"13":5,"14":1,"15":4,"16":8,"17":4,"18":8,"19":1,"20":3,"21":6,"22":1,"23":2,"24":4,"25":1,"26":1,"27":2,"28":2,"29":1,"30":1,"31":6,"32":0,"33":6,"34":1},"f":{"0":1,"1":7,"2":8,"3":8,"4":6,"5":4,"6":1,"7":2,"8":2,"9":6},"b":{"0":[1],"1":[1],"2":[1],"3":[1],"4":[1],"5":[1],"6":[0]}}
,"/Users/timo/ic-projects/hpl-middleware-wallet/src/icrc/contactHandlers/add.subaccount.contact.handler.ts": {"path":"/Users/timo/ic-projects/hpl-middleware-wallet/src/icrc/contactHandlers/add.subaccount.contact.handler.ts","statementMap":{"0":{"start":{"line":1,"column":0},"end":{"line":1,"column":74}},"1":{"start":{"line":5,"column":0},"end":{"line":5,"column":60}},"2":{"start":{"line":6,"column":0},"end":{"line":6,"column":61}},"3":{"start":{"line":7,"column":0},"end":{"line":7,"column":50}},"4":{"start":{"line":10,"column":0},"end":{"line":10,"column":55}},"5":{"start":{"line":19,"column":8},"end":{"line":19,"column":16}},"6":{"start":{"line":15,"column":18},"end":{"line":15,"column":59}},"7":{"start":{"line":16,"column":16},"end":{"line":16,"column":52}},"8":{"start":{"line":17,"column":16},"end":{"line":17,"column":90}},"9":{"start":{"line":24,"column":8},"end":{"line":28,"column":9}},"10":{"start":{"line":25,"column":12},"end":{"line":27,"column":47}},"11":{"start":{"line":30,"column":8},"end":{"line":34,"column":9}},"12":{"start":{"line":31,"column":12},"end":{"line":33,"column":50}},"13":{"start":{"line":36,"column":8},"end":{"line":40,"column":9}},"14":{"start":{"line":37,"column":12},"end":{"line":39,"column":53}},"15":{"start":{"line":42,"column":8},"end":{"line":46,"column":9}},"16":{"start":{"line":43,"column":12},"end":{"line":45,"column":52}},"17":{"start":{"line":50,"column":8},"end":{"line":50,"column":64}},"18":{"start":{"line":51,"column":29},"end":{"line":55,"column":10}},"19":{"start":{"line":57,"column":8},"end":{"line":63,"column":10}},"20":{"start":{"line":67,"column":8},"end":{"line":69,"column":9}},"21":{"start":{"line":68,"column":12},"end":{"line":68,"column":25}},"22":{"start":{"line":70,"column":8},"end":{"line":70,"column":18}},"23":{"start":{"line":12,"column":0},"end":{"line":12,"column":13}}},"fnMap":{"0":{"name":"(anonymous_4)","decl":{"start":{"line":14,"column":4},"end":{"line":14,"column":null}},"loc":{"start":{"line":17,"column":90},"end":{"line":20,"column":5}}},"1":{"name":"(anonymous_5)","decl":{"start":{"line":22,"column":11},"end":{"line":22,"column":16}},"loc":{"start":{"line":22,"column":56},"end":{"line":47,"column":5}}},"2":{"name":"(anonymous_6)","decl":{"start":{"line":49,"column":11},"end":{"line":49,"column":16}},"loc":{"start":{"line":49,"column":55},"end":{"line":64,"column":5}}},"3":{"name":"(anonymous_7)","decl":{"start":{"line":66,"column":4},"end":{"line":66,"column":16}},"loc":{"start":{"line":66,"column":27},"end":{"line":71,"column":5}}}},"branchMap":{"0":{"loc":{"start":{"line":24,"column":8},"end":{"line":28,"column":9}},"type":"if","locations":[{"start":{"line":24,"column":8},"end":{"line":28,"column":9}}]},"1":{"loc":{"start":{"line":30,"column":8},"end":{"line":34,"column":9}},"type":"if","locations":[{"start":{"line":30,"column":8},"end":{"line":34,"column":9}}]},"2":{"loc":{"start":{"line":36,"column":8},"end":{"line":40,"column":9}},"type":"if","locations":[{"start":{"line":36,"column":8},"end":{"line":40,"column":9}}]},"3":{"loc":{"start":{"line":42,"column":8},"end":{"line":46,"column":9}},"type":"if","locations":[{"start":{"line":42,"column":8},"end":{"line":46,"column":9}}]},"4":{"loc":{"start":{"line":67,"column":8},"end":{"line":69,"column":9}},"type":"if","locations":[{"start":{"line":67,"column":8},"end":{"line":69,"column":9}}]}},"s":{"0":1,"1":1,"2":1,"3":1,"4":1,"5":1,"6":1,"7":1,"8":1,"9":5,"10":1,"11":4,"12":1,"13":3,"14":1,"15":2,"16":1,"17":1,"18":1,"19":1,"20":4,"21":0,"22":4,"23":1},"f":{"0":1,"1":5,"2":1,"3":4},"b":{"0":[1],"1":[1],"2":[1],"3":[1],"4":[0]}}
,"/Users/timo/ic-projects/hpl-middleware-wallet/src/icrc/contactHandlers/edit.contact.handler.ts": {"path":"/Users/timo/ic-projects/hpl-middleware-wallet/src/icrc/contactHandlers/edit.contact.handler.ts","statementMap":{"0":{"start":{"line":1,"column":0},"end":{"line":1,"column":74}},"1":{"start":{"line":5,"column":0},"end":{"line":5,"column":60}},"2":{"start":{"line":6,"column":0},"end":{"line":6,"column":61}},"3":{"start":{"line":8,"column":0},"end":{"line":8,"column":55}},"4":{"start":{"line":16,"column":8},"end":{"line":16,"column":16}},"5":{"start":{"line":13,"column":18},"end":{"line":13,"column":59}},"6":{"start":{"line":14,"column":16},"end":{"line":14,"column":52}},"7":{"start":{"line":21,"column":8},"end":{"line":25,"column":9}},"8":{"start":{"line":22,"column":12},"end":{"line":24,"column":42}},"9":{"start":{"line":26,"column":8},"end":{"line":30,"column":9}},"10":{"start":{"line":27,"column":12},"end":{"line":29,"column":47}},"11":{"start":{"line":32,"column":25},"end":{"line":32,"column":84}},"12":{"start":{"line":34,"column":8},"end":{"line":38,"column":9}},"13":{"start":{"line":35,"column":12},"end":{"line":37,"column":38}},"14":{"start":{"line":42,"column":8},"end":{"line":42,"column":null}},"15":{"start":{"line":43,"column":8},"end":{"line":43,"column":18}},"16":{"start":{"line":47,"column":8},"end":{"line":49,"column":9}},"17":{"start":{"line":48,"column":12},"end":{"line":48,"column":25}},"18":{"start":{"line":50,"column":8},"end":{"line":50,"column":18}},"19":{"start":{"line":10,"column":0},"end":{"line":10,"column":13}}},"fnMap":{"0":{"name":"(anonymous_4)","decl":{"start":{"line":12,"column":4},"end":{"line":12,"column":null}},"loc":{"start":{"line":14,"column":52},"end":{"line":17,"column":5}}},"1":{"name":"(anonymous_5)","decl":{"start":{"line":19,"column":11},"end":{"line":19,"column":16}},"loc":{"start":{"line":19,"column":47},"end":{"line":39,"column":5}}},"2":{"name":"(anonymous_6)","decl":{"start":{"line":41,"column":11},"end":{"line":41,"column":16}},"loc":{"start":{"line":41,"column":46},"end":{"line":44,"column":5}}},"3":{"name":"(anonymous_7)","decl":{"start":{"line":46,"column":4},"end":{"line":46,"column":16}},"loc":{"start":{"line":46,"column":27},"end":{"line":51,"column":5}}}},"branchMap":{"0":{"loc":{"start":{"line":21,"column":8},"end":{"line":25,"column":9}},"type":"if","locations":[{"start":{"line":21,"column":8},"end":{"line":25,"column":9}}]},"1":{"loc":{"start":{"line":26,"column":8},"end":{"line":30,"column":9}},"type":"if","locations":[{"start":{"line":26,"column":8},"end":{"line":30,"column":9}}]},"2":{"loc":{"start":{"line":34,"column":8},"end":{"line":38,"column":9}},"type":"if","locations":[{"start":{"line":34,"column":8},"end":{"line":38,"column":9}}]},"3":{"loc":{"start":{"line":47,"column":8},"end":{"line":49,"column":9}},"type":"if","locations":[{"start":{"line":47,"column":8},"end":{"line":49,"column":9}}]}},"s":{"0":1,"1":1,"2":1,"3":1,"4":1,"5":1,"6":1,"7":4,"8":1,"9":3,"10":1,"11":2,"12":2,"13":1,"14":1,"15":1,"16":3,"17":0,"18":3,"19":1},"f":{"0":1,"1":4,"2":1,"3":3},"b":{"0":[1],"1":[1],"2":[1],"3":[0]}}
,"/Users/timo/ic-projects/hpl-middleware-wallet/src/icrc/contactHandlers/edit.subaccount.contact.handler.ts": {"path":"/Users/timo/ic-projects/hpl-middleware-wallet/src/icrc/contactHandlers/edit.subaccount.contact.handler.ts","statementMap":{"0":{"start":{"line":1,"column":0},"end":{"line":1,"column":74}},"1":{"start":{"line":5,"column":0},"end":{"line":5,"column":60}},"2":{"start":{"line":6,"column":0},"end":{"line":6,"column":61}},"3":{"start":{"line":8,"column":0},"end":{"line":8,"column":55}},"4":{"start":{"line":16,"column":8},"end":{"line":16,"column":16}},"5":{"start":{"line":13,"column":18},"end":{"line":13,"column":59}},"6":{"start":{"line":14,"column":16},"end":{"line":14,"column":52}},"7":{"start":{"line":21,"column":8},"end":{"line":25,"column":9}},"8":{"start":{"line":22,"column":12},"end":{"line":24,"column":47}},"9":{"start":{"line":27,"column":8},"end":{"line":31,"column":9}},"10":{"start":{"line":28,"column":12},"end":{"line":30,"column":50}},"11":{"start":{"line":33,"column":8},"end":{"line":37,"column":9}},"12":{"start":{"line":34,"column":12},"end":{"line":36,"column":56}},"13":{"start":{"line":39,"column":8},"end":{"line":43,"column":9}},"14":{"start":{"line":40,"column":12},"end":{"line":42,"column":56}},"15":{"start":{"line":45,"column":8},"end":{"line":49,"column":9}},"16":{"start":{"line":46,"column":12},"end":{"line":48,"column":55}},"17":{"start":{"line":53,"column":8},"end":{"line":53,"column":67}},"18":{"start":{"line":54,"column":8},"end":{"line":54,"column":18}},"19":{"start":{"line":58,"column":8},"end":{"line":60,"column":9}},"20":{"start":{"line":59,"column":12},"end":{"line":59,"column":25}},"21":{"start":{"line":61,"column":8},"end":{"line":61,"column":18}},"22":{"start":{"line":10,"column":0},"end":{"line":10,"column":13}}},"fnMap":{"0":{"name":"(anonymous_4)","decl":{"start":{"line":12,"column":4},"end":{"line":12,"column":null}},"loc":{"start":{"line":14,"column":52},"end":{"line":17,"column":5}}},"1":{"name":"(anonymous_5)","decl":{"start":{"line":19,"column":11},"end":{"line":19,"column":16}},"loc":{"start":{"line":19,"column":57},"end":{"line":50,"column":5}}},"2":{"name":"(anonymous_6)","decl":{"start":{"line":52,"column":11},"end":{"line":52,"column":16}},"loc":{"start":{"line":52,"column":56},"end":{"line":55,"column":5}}},"3":{"name":"(anonymous_7)","decl":{"start":{"line":57,"column":4},"end":{"line":57,"column":16}},"loc":{"start":{"line":57,"column":27},"end":{"line":62,"column":5}}}},"branchMap":{"0":{"loc":{"start":{"line":21,"column":8},"end":{"line":25,"column":9}},"type":"if","locations":[{"start":{"line":21,"column":8},"end":{"line":25,"column":9}}]},"1":{"loc":{"start":{"line":27,"column":8},"end":{"line":31,"column":9}},"type":"if","locations":[{"start":{"line":27,"column":8},"end":{"line":31,"column":9}}]},"2":{"loc":{"start":{"line":33,"column":8},"end":{"line":37,"column":9}},"type":"if","locations":[{"start":{"line":33,"column":8},"end":{"line":37,"column":9}}]},"3":{"loc":{"start":{"line":39,"column":8},"end":{"line":43,"column":9}},"type":"if","locations":[{"start":{"line":39,"column":8},"end":{"line":43,"column":9}}]},"4":{"loc":{"start":{"line":45,"column":8},"end":{"line":49,"column":9}},"type":"if","locations":[{"start":{"line":45,"column":8},"end":{"line":49,"column":9}}]},"5":{"loc":{"start":{"line":58,"column":8},"end":{"line":60,"column":9}},"type":"if","locations":[{"start":{"line":58,"column":8},"end":{"line":60,"column":9}}]}},"s":{"0":1,"1":1,"2":1,"3":1,"4":1,"5":1,"6":1,"7":6,"8":1,"9":5,"10":1,"11":4,"12":1,"13":3,"14":1,"15":2,"16":1,"17":1,"18":1,"19":5,"20":0,"21":5,"22":1},"f":{"0":1,"1":6,"2":1,"3":5},"b":{"0":[1],"1":[1],"2":[1],"3":[1],"4":[1],"5":[0]}}
[...]
mn":23},"end":{"line":98,"column":81}},"79":{"start":{"line":99,"column":4},"end":{"line":105,"column":5}},"80":{"start":{"line":100,"column":8},"end":{"line":100,"column":23}},"81":{"start":{"line":102,"column":26},"end":{"line":102,"column":85}},"82":{"start":{"line":103,"column":8},"end":{"line":104,"column":80}},"83":{"start":{"line":103,"column":37},"end":{"line":103,"column":48}},"84":{"start":{"line":104,"column":13},"end":{"line":104,"column":80}},"85":{"start":{"line":81,"column":13},"end":{"line":81,"column":29}}},"fnMap":{"0":{"name":"(anonymous_1)","decl":{"start":{"line":3,"column":24},"end":{"line":3,"column":25}},"loc":{"start":{"line":3,"column":40},"end":{"line":7,"column":1}}},"1":{"name":"(anonymous_2)","decl":{"start":{"line":9,"column":31},"end":{"line":9,"column":null}},"loc":{"start":{"line":13,"column":12},"end":{"line":15,"column":1}}},"2":{"name":"(anonymous_3)","decl":{"start":{"line":17,"column":31},"end":{"line":17,"column":32}},"loc":{"start":{"line":17,"column":47},"end":{"line":31,"column":1}}},"3":{"name":"(anonymous_4)","decl":{"start":{"line":33,"column":28},"end":{"line":33,"column":29}},"loc":{"start":{"line":33,"column":62},"end":{"line":50,"column":1}}},"4":{"name":"(anonymous_5)","decl":{"start":{"line":52,"column":31},"end":{"line":52,"column":32}},"loc":{"start":{"line":52,"column":91},"end":{"line":54,"column":1}}},"5":{"name":"(anonymous_6)","decl":{"start":{"line":56,"column":27},"end":{"line":56,"column":28}},"loc":{"start":{"line":56,"column":49},"end":{"line":73,"column":1}}},"6":{"name":"getPropertyName","decl":{"start":{"line":75,"column":16},"end":{"line":75,"column":31}},"loc":{"start":{"line":75,"column":116},"end":{"line":79,"column":1}}},"7":{"name":"(anonymous_8)","decl":{"start":{"line":77,"column":23},"end":{"line":77,"column":24}},"loc":{"start":{"line":77,"column":28},"end":{"line":77,"column":49}}},"8":{"name":"(anonymous_9)","decl":{"start":{"line":81,"column":29},"end":{"line":81,"column":30}},"loc":{"start":{"line":81,"column":94},"end":{"line":106,"column":1}}}},"branchMap":{"0":{"loc":{"start":{"line":21,"column":4},"end":{"line":30,"column":37}},"type":"if","locations":[{"start":{"line":21,"column":4},"end":{"line":30,"column":37}},{"start":{"line":30,"column":11},"end":{"line":30,"column":37}}]},"1":{"loc":{"start":{"line":35,"column":4},"end":{"line":49,"column":5}},"type":"if","locations":[{"start":{"line":35,"column":4},"end":{"line":49,"column":5}},{"start":{"line":41,"column":11},"end":{"line":49,"column":5}}]},"2":{"loc":{"start":{"line":35,"column":8},"end":{"line":35,"column":45}},"type":"binary-expr","locations":[{"start":{"line":35,"column":8},"end":{"line":35,"column":26}},{"start":{"line":35,"column":30},"end":{"line":35,"column":45}}]},"3":{"loc":{"start":{"line":57,"column":4},"end":{"line":57,"column":57}},"type":"if","locations":[{"start":{"line":57,"column":4},"end":{"line":57,"column":57}}]},"4":{"loc":{"start":{"line":59,"column":4},"end":{"line":72,"column":5}},"type":"if","locations":[{"start":{"line":59,"column":4},"end":{"line":72,"column":5}},{"start":{"line":70,"column":11},"end":{"line":72,"column":5}}]},"5":{"loc":{"start":{"line":82,"column":4},"end":{"line":82,"column":47}},"type":"if","locations":[{"start":{"line":82,"column":4},"end":{"line":82,"column":47}}]},"6":{"loc":{"start":{"line":85,"column":4},"end":{"line":94,"column":5}},"type":"if","locations":[{"start":{"line":85,"column":4},"end":{"line":94,"column":5}},{"start":{"line":89,"column":11},"end":{"line":94,"column":5}}]},"7":{"loc":{"start":{"line":86,"column":8},"end":{"line":86,"column":42}},"type":"if","locations":[{"start":{"line":86,"column":8},"end":{"line":86,"column":42}}]},"8":{"loc":{"start":{"line":87,"column":43},"end":{"line":87,"column":65}},"type":"binary-expr","locations":[{"start":{"line":87,"column":43},"end":{"line":87,"column":54}},{"start":{"line":87,"column":58},"end":{"line":87,"column":65}}]},"9":{"loc":{"start":{"line":89,"column":11},"end":{"line":94,"column":5}},"type":"if","locations":[{"start":{"line":89,"column":11},"end":{"line":94,"column":5}}]},"10":{"loc":{"start":{"line":92,"column":12},"end":{"line":92,"column":48}},"type":"if","locations":[{"start":{"line":92,"column":12},"end":{"line":92,"column":48}}]},"11":{"loc":{"start":{"line":96,"column":4},"end":{"line":96,"column":42}},"type":"if","locations":[{"start":{"line":96,"column":4},"end":{"line":96,"column":42}}]},"12":{"loc":{"start":{"line":99,"column":4},"end":{"line":105,"column":5}},"type":"if","locations":[{"start":{"line":99,"column":4},"end":{"line":105,"column":5}},{"start":{"line":101,"column":11},"end":{"line":105,"column":5}}]},"13":{"loc":{"start":{"line":102,"column":62},"end":{"line":102,"column":84}},"type":"binary-expr","locations":[{"start":{"line":102,"column":62},"end":{"line":102,"column":73}},{"start":{"line":102,"column":77},"end":{"line":102,"column":84}}]},"14":{"loc":{"start":{"line":103,"column":8},"end":{"line":104,"column":80}},"type":"if","locations":[{"start":{"line":103,"column":8},"end":{"line":104,"column":80}},{"start":{"line":104,"column":13},"end":{"line":104,"column":80}}]},"15":{"loc":{"start":{"line":104,"column":56},"end":{"line":104,"column":78}},"type":"binary-expr","locations":[{"start":{"line":104,"column":56},"end":{"line":104,"column":67}},{"start":{"line":104,"column":71},"end":{"line":104,"column":78}}]}},"s":{"0":79,"1":79,"2":9,"3":9,"4":9,"5":79,"6":79,"7":1022,"8":79,"9":79,"10":7,"11":7,"12":7,"13":7,"14":6,"15":6,"16":6,"17":6,"18":6,"19":6,"20":6,"21":1,"22":79,"23":79,"24":8,"25":8,"26":2,"27":2,"28":2,"29":16,"30":2,"31":6,"32":6,"33":6,"34":6,"35":6,"36":28,"37":6,"38":79,"39":79,"40":3,"41":79,"42":79,"43":21,"44":3,"45":18,"46":18,"47":16,"48":16,"49":16,"50":41,"51":41,"52":16,"53":2,"54":79,"55":8,"56":8,"57":31,"58":8,"59":79,"60":79,"61":6,"62":0,"63":6,"64":6,"65":1,"66":0,"67":1,"68":1,"69":5,"70":4,"71":4,"72":8,"73":8,"74":4,"75":5,"76":5,"77":0,"78":5,"79":5,"80":1,"81":4,"82":4,"83":0,"84":4,"85":79},"f":{"0":9,"1":1022,"2":7,"3":8,"4":3,"5":21,"6":8,"7":31,"8":6},"b":{"0":[6,1],"1":[2,6],"2":[8,6],"3":[3],"4":[16,2],"5":[0],"6":[1,5],"7":[0],"8":[1,1],"9":[4],"10":[4],"11":[0],"12":[1,4],"13":[4,4],"14":[0,4],"15":[4,4]}}
,"/Users/timo/ic-projects/hpl-middleware-wallet/src/utils/index.ts": {"path":"/Users/timo/ic-projects/hpl-middleware-wallet/src/utils/index.ts","statementMap":{"0":{"start":{"line":1,"column":0},"end":{"line":1,"column":34}}},"fnMap":{},"branchMap":{},"s":{"0":49},"f":{},"b":{}}
,"/Users/timo/ic-projects/hpl-middleware-wallet/src/utils/subAccountUtils.ts": {"path":"/Users/timo/ic-projects/hpl-middleware-wallet/src/utils/subAccountUtils.ts","statementMap":{"0":{"start":{"line":1,"column":0},"end":{"line":1,"column":37}},"1":{"start":{"line":2,"column":0},"end":{"line":2,"column":33}},"2":{"start":{"line":4,"column":39},"end":{"line":6,"column":1}},"3":{"start":{"line":5,"column":4},"end":{"line":5,"column":66}},"4":{"start":{"line":4,"column":13},"end":{"line":4,"column":39}},"5":{"start":{"line":8,"column":34},"end":{"line":16,"column":1}},"6":{"start":{"line":9,"column":4},"end":{"line":15,"column":5}},"7":{"start":{"line":10,"column":8},"end":{"line":10,"column":54}},"8":{"start":{"line":12,"column":8},"end":{"line":14,"column":41}},"9":{"start":{"line":8,"column":13},"end":{"line":8,"column":34}},"10":{"start":{"line":18,"column":35},"end":{"line":30,"column":1}},"11":{"start":{"line":21,"column":4},"end":{"line":23,"column":23}},"12":{"start":{"line":25,"column":4},"end":{"line":25,"column":40}},"13":{"start":{"line":27,"column":4},"end":{"line":27,"column":27}},"14":{"start":{"line":29,"column":4},"end":{"line":29,"column":18}},"15":{"start":{"line":18,"column":13},"end":{"line":18,"column":35}},"16":{"start":{"line":32,"column":34},"end":{"line":41,"column":1}},"17":{"start":{"line":34,"column":17},"end":{"line":34,"column":40}},"18":{"start":{"line":36,"column":4},"end":{"line":38,"column":5}},"19":{"start":{"line":37,"column":8},"end":{"line":37,"column":21}},"20":{"start":{"line":40,"column":4},"end":{"line":40,"column":18}},"21":{"start":{"line":32,"column":13},"end":{"line":32,"column":34}},"22":{"start":{"line":43,"column":34},"end":{"line":51,"column":1}},"23":{"start":{"line":44,"column":4},"end":{"line":50,"column":5}},"24":{"start":{"line":45,"column":20},"end":{"line":45,"column":72}},"25":{"start":{"line":46,"column":8},"end":{"line":47,"column":24}},"26":{"start":{"line":46,"column":24},"end":{"line":46,"column":35}},"27":{"start":{"line":47,"column":13},"end":{"line":47,"column":24}},"28":{"start":{"line":49,"column":8},"end":{"line":49,"column":19}},"29":{"start":{"line":43,"column":13},"end":{"line":43,"column":34}},"30":{"start":{"line":54,"column":31},"end":{"line":68,"column":1}},"31":{"start":{"line":55,"column":17},"end":{"line":55,"column":26}},"32":{"start":{"line":56,"column":17},"end":{"line":56,"column":28}},"33":{"start":{"line":57,"column":20},"end":{"line":57,"column":36}},"34":{"start":{"line":58,"column":4},"end":{"line":67,"column":37}},"35":{"start":{"line":59,"column":23},"end":{"line":59,"column":41}},"36":{"start":{"line":60,"column":16},"end":{"line":60,"column":17}},"37":{"start":{"line":61,"column":8},"end":{"line":65,"column":9}},"38":{"start":{"line":62,"column":12},"end":{"line":62,"column":66}},"39":{"start":{"line":63,"column":12},"end":{"line":63,"column":47}},"40":{"start":{"line":64,"column":12},"end":{"line":64,"column":19}},"41":{"start":{"line":66,"column":8},"end":{"line":66,"column":22}},"42":{"start":{"line":67,"column":11},"end":{"line":67,"column":37}},"43":{"start":{"line":54,"column":13},"end":{"line":54,"column":31}},"44":{"start":{"line":70,"column":27},"end":{"line":87,"column":1}},"45":{"start":{"line":71,"column":4},"end":{"line":71,"column":57}},"46":{"start":{"line":71,"column":40},"end":{"line":71,"column":57}},"47":{"start":{"line":72,"column":16},"end":{"line":72,"column":38}},"48":{"start":{"line":73,"column":4},"end":{"line":86,"column":5}},"49":{"start":{"line":74,"column":19},"end":{"line":74,"column":27}},"50":{"start":{"line":75,"column":8},"end":{"line":82,"column":9}},"51":{"start":{"line":75,"column":25},"end":{"line":75,"column":26}},"52":{"start":{"line":76,"column":26},"end":{"line":76,"column":53}},"53":{"start":{"line":77,"column":12},"end":{"line":81,"column":14}},"54":{"start":{"line":83,"column":8},"end":{"line":83,"column":20}},"55":{"start":{"line":85,"column":8},"end":{"line":85,"column":25}},"56":{"start":{"line":70,"column":13},"end":{"line":70,"column":27}}},"fnMap":{"0":{"name":"(anonymous_1)","decl":{"start":{"line":4,"column":39},"end":{"line":4,"column":40}},"loc":{"start":{"line":4,"column":71},"end":{"line":6,"column":1}}},"1":{"name":"(anonymous_2)","decl":{"start":{"line":8,"column":34},"end":{"line":8,"column":35}},"loc":{"start":{"line":8,"column":60},"end":{"line":16,"column":1}}},"2":{"name":"(anonymous_3)","decl":{"start":{"line":18,"column":35},"end":{"line":18,"column":36}},"loc":{"start":{"line":18,"column":60},"end":{"line":30,"column":1}}},"3":{"name":"(anonymous_4)","decl":{"start":{"line":32,"column":34},"end":{"line":32,"column":35}},"loc":{"start":{"line":32,"column":59},"end":{"line":41,"column":1}}},"4":{"name":"(anonymous_5)","decl":{"start":{"line":43,"column":34},"end":{"line":43,"column":35}},"loc":{"start":{"line":43,"column":77},"end":{"line":51,"column":1}}},"5":{"name":"(anonymous_6)","decl":{"start":{"line":54,"column":31},"end":{"line":54,"column":32}},"loc":{"start":{"line":54,"column":47},"end":{"line":68,"column":1}}},"6":{"name":"(anonymous_7)","decl":{"start":{"line":70,"column":27},"end":{"line":70,"column":28}},"loc":{"start":{"line":70,"column":49},"end":{"line":87,"column":1}}}},"branchMap":{"0":{"loc":{"start":{"line":9,"column":4},"end":{"line":15,"column":5}},"type":"if","locations":[{"start":{"line":9,"column":4},"end":{"line":15,"column":5}},{"start":{"line":11,"column":11},"end":{"line":15,"column":5}}]},"1":{"loc":{"start":{"line":14,"column":29},"end":{"line":14,"column":38}},"type":"cond-expr","locations":[{"start":{"line":14,"column":33},"end":{"line":14,"column":34}},{"start":{"line":14,"column":37},"end":{"line":14,"column":38}}]},"2":{"loc":{"start":{"line":21,"column":13},"end":{"line":23,"column":22}},"type":"cond-expr","locations":[{"start":{"line":22,"column":10},"end":{"line":22,"column":35}},{"start":{"line":23,"column":10},"end":{"line":23,"column":22}}]},"3":{"loc":{"start":{"line":36,"column":4},"end":{"line":38,"column":5}},"type":"if","locations":[{"start":{"line":36,"column":4},"end":{"line":38,"column":5}}]},"4":{"loc":{"start":{"line":44,"column":4},"end":{"line":50,"column":5}},"type":"if","locations":[{"start":{"line":44,"column":4},"end":{"line":50,"column":5}},{"start":{"line":48,"column":11},"end":{"line":50,"column":5}}]},"5":{"loc":{"start":{"line":46,"column":8},"end":{"line":47,"column":24}},"type":"if","locations":[{"start":{"line":46,"column":8},"end":{"line":47,"column":24}},{"start":{"line":47,"column":13},"end":{"line":47,"column":24}}]},"6":{"loc":{"start":{"line":58,"column":4},"end":{"line":67,"column":37}},"type":"if","locations":[{"start":{"line":58,"column":4},"end":{"line":67,"column":37}},{"start":{"line":67,"column":11},"end":{"line":67,"column":37}}]},"7":{"loc":{"start":{"line":71,"column":4},"end":{"line":71,"column":57}},"type":"if","locations":[{"start":{"line":71,"column":4},"end":{"line":71,"column":57}}]},"8":{"loc":{"start":{"line":73,"column":4},"end":{"line":86,"column":5}},"type":"if","locations":[{"start":{"line":73,"column":4},"end":{"line":86,"column":5}},{"start":{"line":84,"column":11},"end":{"line":86,"column":5}}]}},"s":{"0":69,"1":69,"2":69,"3":3,"4":69,"5":69,"6":6,"7":1,"8":5,"9":69,"10":69,"11":25,"12":25,"13":25,"14":25,"15":69,"16":69,"17":28,"18":28,"19":19,"20":28,"21":69,"22":69,"23":0,"24":0,"25":0,"26":0,"27":0,"28":0,"29":69,"30":69,"31":3,"32":3,"33":3,"34":3,"35":3,"36":3,"37":3,"38":0,"39":0,"40":0,"41":3,"42":0,"43":69,"44":69,"45":3,"46":0,"47":3,"48":3,"49":3,"50":3,"51":3,"52":3,"53":3,"54":3,"55":0,"56":69},"f":{"0":3,"1":6,"2":25,"3":28,"4":0,"5":3,"6":3},"b":{"0":[1,5],"1":[3,2],"2":[11,14],"3":[19],"4":[0,0],"5":[0,0],"6":[3,0],"7":[0],"8":[3,0]}}
,"/Users/timo/ic-projects/hpl-middleware-wallet/src/utils/forms/formBase.ts": {"path":"/Users/timo/ic-projects/hpl-middleware-wallet/src/utils/forms/formBase.ts","statementMap":{"0":{"start":{"line":11,"column":8},"end":{"line":11,"column":26}},"1":{"start":{"line":12,"column":8},"end":{"line":12,"column":38}},"2":{"start":{"line":13,"column":8},"end":{"line":13,"column":36}},"3":{"start":{"line":17,"column":8},"end":{"line":17,"column":46}},"4":{"start":{"line":21,"column":8},"end":{"line":21,"column":59}},"5":{"start":{"line":5,"column":0},"end":{"line":5,"column":13}},"6":{"start":{"line":32,"column":32},"end":{"line":37,"column":1}},"7":{"start":{"line":33,"column":4},"end":{"line":35,"column":5}},"8":{"start":{"line":34,"column":8},"end":{"line":34,"column":21}},"9":{"start":{"line":36,"column":4},"end":{"line":36,"column":null}},"10":{"start":{"line":36,"column":30},"end":{"line":36,"column":46}},"11":{"start":{"line":32,"column":13},"end":{"line":32,"column":32}}},"fnMap":{"0":{"name":"(anonymous_0)","decl":{"start":{"line":10,"column":4},"end":{"line":10,"column":24}},"loc":{"start":{"line":10,"column":63},"end":{"line":14,"column":5}}},"1":{"name":"(anonymous_1)","decl":{"start":{"line":16,"column":11},"end":{"line":16,"column":17}},"loc":{"start":{"line":16,"column":49},"end":{"line":18,"column":5}}},"2":{"name":"(anonymous_2)","decl":{"start":{"line":20,"column":11},"end":{"line":20,"column":17}},"loc":{"start":{"line":20,"column":54},"end":{"line":22,"column":5}}},"3":{"name":"(anonymous_3)","decl":{"start":{"line":32,"column":32},"end":{"line":32,"column":33}},"loc":{"start":{"line":32,"column":72},"end":{"line":37,"column":1}}},"4":{"name":"(anonymous_4)","decl":{"start":{"line":36,"column":23},"end":{"line":36,"column":24}},"loc":{"start":{"line":36,"column":30},"end":{"line":36,"column":46}}}},"branchMap":{"0":{"loc":{"start":{"line":13,"column":22},"end":{"line":13,"column":35}},"type":"binary-expr","locations":[{"start":{"line":13,"column":22},"end":{"line":13,"column":29}},{"start":{"line":13,"column":33},"end":{"line":13,"column":35}}]},"1":{"loc":{"start":{"line":33,"column":4},"end":{"line":35,"column":5}},"type":"if","locations":[{"start":{"line":33,"column":4},"end":{"line":35,"column":5}}]}},"s":{"0":350,"1":350,"2":350,"3":137,"4":213,"5":39,"6":39,"7":66,"8":60,"9":6,"10":6,"11":39},"f":{"0":350,"1":137,"2":213,"3":66,"4":6},"b":{"0":[350,137],"1":[60]}}
,"/Users/timo/ic-projects/hpl-middleware-wallet/src/utils/icrc/icrcHelper.ts": {"path":"/Users/timo/ic-projects/hpl-middleware-wallet/src/utils/icrc/icrcHelper.ts","statementMap":{"0":{"start":{"line":1,"column":0},"end":{"line":1,"column":50}},"1":{"start":{"line":2,"column":0},"end":{"line":2,"column":106}},"2":{"start":{"line":3,"column":0},"end":{"line":3,"column":58}},"3":{"start":{"line":4,"column":0},"end":{"line":4,"column":47}},"4":{"start":{"line":6,"column":0},"end":{"line":6,"column":105}},"5":{"start":{"line":9,"column":29},"end":{"line":9,"column":42}},"6":{"start":{"line":10,"column":14},"end":{"line":10,"column":17}},"7":{"start":{"line":13,"column":36},"end":{"line":13,"column":42}},"8":{"start":{"line":14,"column":23},"end":{"line":14,"column":55}},"9":{"start":{"line":16,"column":24},"end":{"line":20,"column":6}},"10":{"start":{"line":19,"column":38},"end":{"line":19,"column":122}},"11":{"start":{"line":21,"column":4},"end":{"line":21,"column":23}},"12":{"start":{"line":12,"column":0},"end":{"line":12,"column":16}},"13":{"start":{"line":26,"column":36},"end":{"line":26,"column":43}},"14":{"start":{"line":27,"column":23},"end":{"line":27,"column":105}},"15":{"start":{"line":28,"column":21},"end":{"line":31,"column":6}},"16":{"start":{"line":33,"column":4},"end":{"line":33,"column":20}},"17":{"start":{"line":25,"column":0},"end":{"line":25,"column":16}},"18":{"start":{"line":37,"column":4},"end":{"line":47,"column":5}},"19":{"start":{"line":38,"column":40},"end":{"line":38,"column":46}},"20":{"start":{"line":39,"column":28},"end":{"line":42,"column":10}},"21":{"start":{"line":43,"column":25},"end":{"line":43,"column":70}},"22":{"start":{"line":44,"column":8},"end":{"line":44,"column":87}},"23":{"start":{"line":44,"column":47},"end":{"line":44,"column":85}},"24":{"start":{"line":46,"column":8},"end":{"line":46,"column":18}},"25":{"start":{"line":36,"column":0},"end":{"line":36,"column":7}}},"fnMap":{"0":{"name":"getIcrcActor","decl":{"start":{"line":12,"column":16},"end":{"line":12,"column":28}},"loc":{"start":{"line":12,"column":52},"end":{"line":22,"column":1}}},"1":{"name":"(anonymous_1)","decl":{"start":{"line":19,"column":32},"end":{"line":19,"column":35}},"loc":{"start":{"line":19,"column":38},"end":{"line":19,"column":122}}},"2":{"name":"getCanister","decl":{"start":{"line":25,"column":16},"end":{"line":25,"column":27}},"loc":{"start":{"line":25,"column":52},"end":{"line":34,"column":1}}},"3":{"name":"getICRCSupportedStandards","decl":{"start":{"line":36,"column":22},"end":{"line":36,"column":47}},"loc":{"start":{"line":36,"column":84},"end":{"line":48,"column":1}}},"4":{"name":"(anonymous_4)","decl":{"start":{"line":44,"column":28},"end":{"line":44,"column":29}},"loc":{"start":{"line":44,"column":47},"end":{"line":44,"column":85}}}},"branchMap":{"0":{"loc":{"start":{"line":27,"column":23},"end":{"line":27,"column":105}},"type":"cond-expr","locations":[{"start":{"line":27,"column":58},"end":{"line":27,"column":90}},{"start":{"line":27,"column":93},"end":{"line":27,"column":105}}]}},"s":{"0":1,"1":1,"2":1,"3":1,"4":1,"5":1,"6":1,"7":1,"8":1,"9":1,"10":0,"11":0,"12":1,"13":0,"14":0,"15":0,"16":0,"17":1,"18":1,"19":1,"20":1,"21":0,"22":0,"23":0,"24":1,"25":1},"f":{"0":1,"1":0,"2":0,"3":1,"4":0},"b":{"0":[0,0]}}
}
