TN:
SF:src/icrc/types.ts
FN:5,(anonymous_0)
FNF:1
FNH:1
FNDA:10,(anonymous_0)
DA:3,8
DA:6,10
DA:7,10
DA:8,10
DA:9,10
DA:10,10
DA:11,10
DA:12,10
DA:13,10
DA:14,10
DA:15,10
LF:11
LH:11
BRF:0
BRH:0
end_of_record
TN:
SF:src/icrc/allowanceHandlers/add.allowance.handler.ts
FN:20,(anonymous_5)
FN:31,(anonymous_6)
FN:70,(anonymous_7)
FN:77,(anonymous_8)
FN:109,(anonymous_9)
FNF:5
FNH:5
FNDA:1,(anonymous_5)
FNDA:8,(anonymous_6)
FNDA:3,(anonymous_7)
FNDA:1,(anonymous_8)
FNDA:6,(anonymous_9)
DA:2,1
DA:4,1
DA:5,1
DA:6,1
DA:7,1
DA:8,1
DA:14,1
DA:16,1
DA:18,1
DA:21,1
DA:22,1
DA:23,1
DA:24,1
DA:25,1
DA:26,1
DA:28,1
DA:33,8
DA:34,1
DA:39,7
DA:40,1
DA:45,6
DA:46,1
DA:51,5
DA:52,1
DA:57,4
DA:64,4
DA:65,1
DA:71,3
DA:75,3
DA:76,1
DA:77,1
DA:81,2
DA:82,2
DA:84,0
DA:87,2
DA:94,2
DA:96,2
DA:98,2
DA:110,6
DA:111,0
DA:113,6
LF:41
LH:39
BRDA:33,0,0,1
BRDA:39,1,0,1
BRDA:45,2,0,1
BRDA:51,3,0,1
BRDA:64,4,0,1
BRDA:75,5,0,1
BRDA:82,6,0,0
BRDA:92,7,0,1
BRDA:92,7,1,1
BRDA:103,8,0,1
BRDA:103,8,1,1
BRDA:110,9,0,0
BRF:12
BRH:10
end_of_record
TN:
SF:src/icrc/allowanceHandlers/check.allowance.handler.ts
FN:15,(anonymous_0)
FN:25,(anonymous_1)
FN:46,(anonymous_2)
FN:58,(anonymous_3)
FN:94,(anonymous_4)
FNF:5
FNH:4
FNDA:1,(anonymous_0)
FNDA:5,(anonymous_1)
FNDA:2,(anonymous_2)
FNDA:0,(anonymous_3)
FNDA:3,(anonymous_4)
DA:3,1
DA:4,1
DA:5,1
DA:6,1
DA:11,1
DA:13,1
DA:16,1
DA:17,1
DA:18,1
DA:19,1
DA:20,1
DA:22,1
DA:27,5
DA:28,1
DA:33,4
DA:34,1
DA:39,3
DA:40,1
DA:47,2
DA:48,2
DA:50,0
DA:52,2
DA:56,2
DA:57,0
DA:58,0
DA:62,2
DA:66,2
DA:72,2
DA:73,1
DA:74,1
DA:79,1
DA:80,1
DA:91,2
DA:95,3
DA:96,0
DA:98,3
LF:36
LH:32
BRDA:27,0,0,1
BRDA:33,1,0,1
BRDA:39,2,0,1
BRDA:48,3,0,0
BRDA:56,4,0,0
BRDA:72,5,0,1
BRDA:85,6,0,0
BRDA:85,6,1,1
BRDA:95,7,0,0
BRF:9
BRH:5
end_of_record
TN:
SF:src/icrc/allowanceHandlers/get.list.allowance.handler.ts
FN:16,(anonymous_5)
FN:25,(anonymous_6)
FN:29,(anonymous_7)
FN:39,(anonymous_8)
FN:55,(anonymous_9)
FNF:5
FNH:5
FNDA:1,(anonymous_5)
FNDA:2,(anonymous_6)
FNDA:2,(anonymous_7)
FNDA:2,(anonymous_8)
FNDA:1,(anonymous_9)
DA:1,1
DA:3,1
DA:6,1
DA:8,1
DA:9,1
DA:12,1
DA:14,1
DA:17,1
DA:18,1
DA:19,1
DA:20,1
DA:22,1
DA:30,2
DA:31,2
DA:32,1
DA:34,1
DA:35,1
DA:38,1
DA:40,2
DA:52,1
DA:56,1
DA:57,0
DA:59,1
LF:23
LH:22
BRDA:31,0,0,1
BRDA:45,1,0,0
BRDA:45,1,1,2
BRDA:56,2,0,0
BRF:4
BRH:2
end_of_record
TN:
SF:src/icrc/allowanceHandlers/remove.allowance.handler.ts
FN:14,(anonymous_4)
FN:22,(anonymous_5)
FN:43,(anonymous_6)
FN:54,(anonymous_7)
FNF:4
FNH:4
FNDA:1,(anonymous_4)
FNDA:4,(anonymous_5)
FNDA:1,(anonymous_6)
FNDA:3,(anonymous_7)
DA:1,1
DA:3,1
DA:4,1
DA:7,1
DA:10,1
DA:12,1
DA:15,1
DA:16,1
DA:17,1
DA:19,1
DA:24,4
DA:25,1
DA:30,3
DA:31,1
DA:36,2
DA:37,1
DA:44,1
DA:49,1
DA:50,1
DA:51,1
DA:55,3
DA:56,0
DA:58,3
LF:23
LH:22
BRDA:24,0,0,1
BRDA:30,1,0,1
BRDA:36,2,0,1
BRDA:55,3,0,0
BRF:4
BRH:3
end_of_record
TN:
SF:src/icrc/allowanceHandlers/transfer.from.allowance.handler.ts
FN:16,(anonymous_0)
FN:25,(anonymous_1)
FN:64,(anonymous_2)
FN:76,(anonymous_3)
FN:110,(anonymous_4)
FNF:5
FNH:5
FNDA:1,(anonymous_0)
FNDA:9,(anonymous_1)
FNDA:3,(anonymous_2)
FNDA:1,(anonymous_3)
FNDA:9,(anonymous_4)
DA:2,1
DA:4,1
DA:5,1
DA:6,1
DA:7,1
DA:9,1
DA:12,1
DA:14,1
DA:17,1
DA:18,1
DA:19,1
DA:20,1
DA:22,1
DA:27,9
DA:28,1
DA:33,8
DA:34,1
DA:39,7
DA:40,1
DA:45,6
DA:46,1
DA:51,5
DA:52,1
DA:57,4
DA:58,1
DA:65,3
DA:66,3
DA:68,0
DA:70,3
DA:74,3
DA:75,1
DA:76,1
DA:80,2
DA:81,2
DA:86,2
DA:87,1
DA:88,1
DA:94,1
DA:98,0
DA:99,0
DA:107,0
DA:111,9
DA:112,0
DA:114,9
LF:44
LH:39
BRDA:27,0,0,1
BRDA:33,1,0,1
BRDA:39,2,0,1
BRDA:45,3,0,1
BRDA:51,4,0,1
BRDA:57,5,0,1
BRDA:66,6,0,0
BRDA:74,7,0,1
BRDA:86,8,0,1
BRDA:86,8,1,1
BRDA:87,9,0,1
BRDA:87,10,0,1
BRDA:87,10,1,0
BRDA:111,11,0,0
BRF:14
BRH:11
end_of_record
TN:
SF:src/icrc/allowanceHandlers/update.allowance.handler.ts
FN:16,(anonymous_5)
FN:24,(anonymous_6)
FN:52,(anonymous_7)
FN:60,(anonymous_8)
FN:82,(anonymous_9)
FNF:5
FNH:4
FNDA:1,(anonymous_5)
FNDA:5,(anonymous_6)
FNDA:1,(anonymous_7)
FNDA:0,(anonymous_8)
FNDA:4,(anonymous_9)
DA:1,1
DA:2,1
DA:3,1
DA:5,1
DA:6,1
DA:7,1
DA:12,1
DA:14,1
DA:17,1
DA:18,1
DA:19,1
DA:21,1
DA:26,5
DA:27,1
DA:32,4
DA:33,1
DA:38,3
DA:39,1
DA:44,2
DA:45,1
DA:54,1
DA:58,1
DA:59,0
DA:60,0
DA:64,1
DA:71,1
DA:73,1
DA:83,4
DA:84,0
DA:86,4
LF:30
LH:27
BRDA:26,0,0,1
BRDA:32,1,0,1
BRDA:38,2,0,1
BRDA:44,3,0,1
BRDA:58,4,0,0
BRDA:69,5,0,0
BRDA:69,5,1,1
BRDA:78,6,0,0
BRDA:78,6,1,1
BRDA:83,7,0,0
BRF:10
BRH:6
end_of_record
TN:
SF:src/icrc/assetHandlers/add.asset.handler.ts
FN:19,(anonymous_4)
FN:28,(anonymous_5)
FN:37,(anonymous_6)
FN:72,(anonymous_7)
FN:105,(anonymous_8)
FN:118,(anonymous_9)
FNF:6
FNH:6
FNDA:1,(anonymous_4)
FNDA:3,(anonymous_5)
FNDA:2,(anonymous_6)
FNDA:2,(anonymous_7)
FNDA:2,(anonymous_8)
FNDA:2,(anonymous_9)
DA:2,1
DA:5,1
DA:6,1
DA:12,1
DA:13,1
DA:15,1
DA:17,1
DA:20,1
DA:21,1
DA:22,1
DA:23,1
DA:25,1
DA:29,3
DA:31,3
DA:32,1
DA:39,2
DA:41,2
DA:69,2
DA:72,2
DA:76,2
DA:77,2
DA:78,1
DA:80,1
DA:81,1
DA:82,1
DA:83,1
DA:84,1
DA:85,1
DA:86,1
DA:87,1
DA:90,1
DA:95,1
DA:106,2
DA:115,1
DA:119,2
DA:120,1
DA:122,1
LF:37
LH:37
BRDA:31,0,0,1
BRDA:77,1,0,1
BRDA:80,2,0,1
BRDA:119,3,0,1
BRF:4
BRH:4
end_of_record
TN:
SF:src/icrc/assetHandlers/add.subAccount.handler.ts
FN:14,(anonymous_0)
FN:21,(anonymous_1)
FN:24,(anonymous_2)
FN:34,(anonymous_3)
FN:63,(anonymous_4)
FNF:5
FNH:5
FNDA:1,(anonymous_0)
FNDA:4,(anonymous_1)
FNDA:4,(anonymous_2)
FNDA:3,(anonymous_3)
FNDA:3,(anonymous_4)
DA:2,1
DA:3,1
DA:4,1
DA:9,1
DA:11,1
DA:15,1
DA:16,1
DA:18,1
DA:26,4
DA:28,4
DA:30,4
DA:31,1
DA:34,3
DA:36,3
DA:37,1
DA:40,2
DA:46,2
DA:47,2
DA:48,1
DA:50,1
DA:51,1
DA:57,1
DA:60,1
DA:64,3
DA:65,1
DA:67,2
LF:26
LH:26
BRDA:30,0,0,1
BRDA:36,1,0,1
BRDA:47,2,0,1
BRDA:50,3,0,1
BRDA:50,4,0,1
BRDA:50,4,1,1
BRDA:64,5,0,1
BRF:7
BRH:7
end_of_record
TN:
SF:src/icrc/assetHandlers/base.handler.ts
FN:12,(anonymous_0)
FN:25,(anonymous_1)
FNF:2
FNH:2
FNDA:152,(anonymous_0)
FNDA:92,(anonymous_1)
DA:1,38
DA:4,38
DA:13,152
DA:14,152
DA:16,90
DA:18,60
DA:21,92
DA:26,92
DA:28,92
DA:29,6
DA:32,86
DA:34,86
DA:35,61
DA:43,25
DA:44,18
DA:51,7
DA:59,86
LF:17
LH:17
BRDA:28,0,0,6
BRDA:34,1,0,61
BRDA:34,1,1,25
BRDA:34,2,0,86
BRDA:34,2,1,83
BRDA:43,3,0,18
BRDA:43,3,1,7
BRDA:52,4,0,7
BRDA:52,4,1,3
BRF:9
BRH:9
end_of_record
TN:
SF:src/icrc/assetHandlers/check.asset.handler.ts
FN:14,(anonymous_0)
FN:19,(anonymous_1)
FN:21,(anonymous_2)
FN:90,(anonymous_3)
FNF:4
FNH:3
FNDA:1,(anonymous_0)
FNDA:4,(anonymous_1)
FNDA:4,(anonymous_2)
FNDA:0,(anonymous_3)
DA:1,1
DA:6,1
DA:7,1
DA:9,1
DA:11,1
DA:14,1
DA:15,1
DA:16,1
DA:24,4
DA:39,4
DA:41,4
DA:42,1
DA:50,3
DA:51,3
DA:56,2
DA:58,1
DA:60,1
DA:61,1
DA:62,1
DA:63,1
DA:66,2
DA:73,3
DA:74,3
DA:76,3
DA:79,1
DA:87,4
DA:91,0
LF:27
LH:26
BRDA:41,0,0,1
BRDA:41,0,1,3
BRF:2
BRH:2
end_of_record
TN:
SF:src/icrc/assetHandlers/get.list.asset.handler.ts
FN:14,(anonymous_4)
FN:22,(anonymous_5)
FN:24,(anonymous_6)
FN:33,(anonymous_7)
FN:37,(anonymous_8)
FN:43,(anonymous_9)
FN:52,(anonymous_10)
FN:71,(anonymous_11)
FN:73,(anonymous_12)
FN:76,(anonymous_13)
FN:83,(anonymous_14)
FN:84,(anonymous_15)
FN:98,(anonymous_16)
FNF:13
FNH:13
FNDA:1,(anonymous_4)
FNDA:3,(anonymous_5)
FNDA:3,(anonymous_6)
FNDA:2,(anonymous_7)
FNDA:3,(anonymous_8)
FNDA:2,(anonymous_9)
FNDA:3,(anonymous_10)
FNDA:2,(anonymous_11)
FNDA:1,(anonymous_12)
FNDA:1,(anonymous_13)
FNDA:2,(anonymous_14)
FNDA:3,(anonymous_15)
FNDA:2,(anonymous_16)
DA:2,4
DA:8,4
DA:10,4
DA:12,4
DA:15,1
DA:16,1
DA:17,1
DA:19,1
DA:26,3
DA:30,3
DA:32,2
DA:33,2
DA:34,2
DA:37,3
DA:40,2
DA:42,2
DA:43,2
DA:44,2
DA:53,3
DA:71,2
DA:72,2
DA:73,1
DA:74,1
DA:76,1
DA:77,1
DA:78,1
DA:79,1
DA:80,1
DA:81,1
DA:82,1
DA:83,1
DA:84,3
DA:85,2
DA:86,2
DA:87,2
DA:88,2
DA:89,2
DA:93,1
DA:95,1
DA:99,2
DA:100,1
DA:102,1
LF:42
LH:42
BRDA:72,0,0,1
BRDA:76,1,0,1
BRDA:76,1,1,1
BRDA:77,2,0,1
BRDA:85,3,0,2
BRDA:99,4,0,1
BRF:6
BRH:6
end_of_record
TN:
SF:src/icrc/assetHandlers/remove.asset.handler.ts
FN:11,(anonymous_0)
FN:18,(anonymous_1)
FN:21,(anonymous_2)
FN:29,(anonymous_3)
FNF:4
FNH:4
FNDA:1,(anonymous_0)
FNDA:2,(anonymous_1)
FNDA:1,(anonymous_2)
FNDA:1,(anonymous_3)
DA:5,1
DA:8,1
DA:12,1
DA:13,1
DA:14,1
DA:15,1
DA:23,1
DA:24,1
DA:25,1
DA:26,1
DA:30,1
LF:11
LH:11
BRF:0
BRH:0
end_of_record
TN:
SF:src/icrc/assetHandlers/remove.subAccount.handler.ts
FN:12,(anonymous_0)
FN:18,(anonymous_1)
FN:21,(anonymous_2)
FN:30,(anonymous_3)
FNF:4
FNH:4
FNDA:1,(anonymous_0)
FNDA:2,(anonymous_1)
FNDA:1,(anonymous_2)
FNDA:1,(anonymous_3)
DA:5,1
DA:6,1
DA:9,1
DA:13,1
DA:14,1
DA:15,1
DA:23,1
DA:25,1
DA:27,1
DA:31,1
LF:10
LH:10
BRF:0
BRH:0
end_of_record
TN:
SF:src/icrc/assetHandlers/update.asset.handler.ts
FN:10,(anonymous_0)
FN:15,(anonymous_1)
FN:18,(anonymous_2)
FN:25,(anonymous_3)
FNF:4
FNH:4
FNDA:1,(anonymous_0)
FNDA:2,(anonymous_1)
FNDA:1,(anonymous_2)
FNDA:1,(anonymous_3)
DA:4,1
DA:7,1
DA:11,1
DA:12,1
DA:20,1
DA:22,1
DA:26,1
LF:7
LH:7
BRF:0
BRH:0
end_of_record
TN:
SF:src/icrc/assetHandlers/update.subAccount.handler.ts
FN:10,(anonymous_0)
FN:15,(anonymous_1)
FN:18,(anonymous_2)
FN:25,(anonymous_3)
FNF:4
FNH:4
FNDA:1,(anonymous_0)
FNDA:2,(anonymous_1)
FNDA:1,(anonymous_2)
FNDA:1,(anonymous_3)
DA:4,1
DA:7,1
DA:11,1
DA:12,1
DA:20,1
DA:22,1
DA:26,1
LF:7
LH:7
BRF:0
BRH:0
end_of_record
TN:
SF:src/icrc/contactHandlers/add.asset.contact.handler.ts
FN:12,(anonymous_4)
FN:19,(anonymous_5)
FN:34,(anonymous_6)
FN:39,(anonymous_7)
FNF:4
FNH:4
FNDA:1,(anonymous_4)
FNDA:3,(anonymous_5)
FNDA:1,(anonymous_6)
FNDA:2,(anonymous_7)
DA:1,1
DA:5,1
DA:6,1
DA:8,1
DA:10,1
DA:13,1
DA:14,1
DA:16,1
DA:21,3
DA:22,1
DA:27,2
DA:28,1
DA:35,1
DA:36,1
DA:40,2
DA:41,0
DA:43,2
LF:17
LH:16
BRDA:21,0,0,1
BRDA:27,1,0,1
BRDA:40,2,0,0
BRF:3
BRH:2
end_of_record
TN:
SF:src/icrc/contactHandlers/add.contact.handler.ts
FN:13,(anonymous_4)
FN:20,(anonymous_5)
FN:40,(anonymous_6)
FN:42,(anonymous_7)
FN:47,(anonymous_8)
FN:53,(anonymous_9)
FN:60,(anonymous_10)
FN:65,(anonymous_11)
FN:68,(anonymous_12)
FN:81,(anonymous_13)
FNF:10
FNH:10
FNDA:1,(anonymous_4)
FNDA:7,(anonymous_5)
FNDA:8,(anonymous_6)
FNDA:8,(anonymous_7)
FNDA:6,(anonymous_8)
FNDA:4,(anonymous_9)
FNDA:1,(anonymous_10)
FNDA:2,(anonymous_11)
FNDA:2,(anonymous_12)
FNDA:6,(anonymous_13)
DA:1,1
DA:5,1
DA:6,1
DA:7,1
DA:9,1
DA:11,1
DA:14,1
DA:15,1
DA:17,1
DA:22,7
DA:23,1
DA:28,6
DA:29,1
DA:34,5
DA:36,5
DA:37,1
DA:40,8
DA:42,8
DA:43,1
DA:47,6
DA:48,1
DA:53,4
DA:54,1
DA:62,1
DA:66,2
DA:69,2
DA:77,1
DA:79,1
DA:82,6
DA:83,0
DA:85,6
LF:31
LH:30
BRDA:22,0,0,1
BRDA:28,1,0,1
BRDA:36,2,0,1
BRDA:42,3,0,1
BRDA:47,4,0,1
BRDA:53,5,0,1
BRDA:82,6,0,0
BRF:7
BRH:6
end_of_record
TN:
SF:src/icrc/contactHandlers/add.subaccount.contact.handler.ts
FN:14,(anonymous_4)
FN:22,(anonymous_5)
FN:49,(anonymous_6)
FN:66,(anonymous_7)
FNF:4
FNH:4
FNDA:1,(anonymous_4)
FNDA:5,(anonymous_5)
FNDA:1,(anonymous_6)
FNDA:4,(anonymous_7)
DA:1,1
DA:5,1
DA:6,1
DA:7,1
DA:10,1
DA:12,1
DA:15,1
DA:16,1
DA:17,1
DA:19,1
DA:24,5
DA:25,1
DA:30,4
DA:31,1
DA:36,3
DA:37,1
DA:42,2
DA:43,1
DA:50,1
DA:51,1
DA:57,1
DA:67,4
DA:68,0
DA:70,4
LF:24
LH:23
BRDA:24,0,0,1
BRDA:30,1,0,1
BRDA:36,2,0,1
BRDA:42,3,0,1
BRDA:67,4,0,0
BRF:5
BRH:4
end_of_record
TN:
SF:src/icrc/contactHandlers/edit.contact.handler.ts
FN:12,(anonymous_4)
FN:19,(anonymous_5)
FN:41,(anonymous_6)
FN:46,(anonymous_7)
FNF:4
FNH:4
FNDA:1,(anonymous_4)
FNDA:4,(anonymous_5)
FNDA:1,(anonymous_6)
FNDA:3,(anonymous_7)
DA:1,1
DA:5,1
DA:6,1
DA:8,1
DA:10,1
DA:13,1
DA:14,1
DA:16,1
DA:21,4
DA:22,1
DA:26,3
DA:27,1
DA:32,2
DA:34,2
DA:35,1
DA:42,1
DA:43,1
DA:47,3
DA:48,0
DA:50,3
LF:20
LH:19
BRDA:21,0,0,1
BRDA:26,1,0,1
BRDA:34,2,0,1
BRDA:47,3,0,0
BRF:4
BRH:3
end_of_record
TN:
SF:src/icrc/contactHandlers/edit.subaccount.contact.handler.ts
FN:12,(anonymous_4)
FN:19,(anonymous_5)
FN:52,(anonymous_6)
FN:57,(anonymous_7)
FNF:4
FNH:4
FNDA:1,(anonymous_4)
FNDA:6,(anonymous_5)
FNDA:1,(anonymous_6)
FNDA:5,(anonymous_7)
DA:1,1
DA:5,1
DA:6,1
DA:8,1
DA:10,1
DA:13,1
DA:14,1
DA:16,1
DA:21,6
DA:22,1
DA:27,5
DA:28,1
DA:33,4
DA:34,1
DA:39,3
DA:40,1
DA:45,2
DA:46,1
DA:53,1
DA:54,1
DA:58,5
DA:59,0
DA:61,5
LF:23
LH:22
BRDA:21,0,0,1
BRDA:27,1,0,1
BRDA:33,2,0,1
BRDA:39,3,0,1
BRDA:45,4,0,1
BRDA:58,5,0,0
BRF:6
BRH:5
end_of_record
TN:
SF:src/icrc/contactHandlers/get.list.contact.handler.ts
FN:15,(anonymous_4)
FN:24,(anonymous_5)
FN:27,(anonymous_6)
FN:33,(anonymous_7)
FN:47,(anonymous_8)
FN:48,(anonymous_9)
FN:56,(anonymous_10)
FNF:7
FNH:7
FNDA:1,(anonymous_4)
FNDA:2,(anonymous_5)
FNDA:2,(anonymous_6)
FNDA:5,(anonymous_7)
FNDA:1,(anonymous_8)
FNDA:1,(anonymous_9)
FNDA:1,(anonymous_10)
DA:1,1
DA:5,1
DA:7,1
DA:9,1
DA:11,1
DA:13,1
DA:16,1
DA:17,1
DA:18,1
DA:19,1
DA:21,1
DA:29,2
DA:30,2
DA:31,2
DA:32,2
DA:33,5
DA:34,4
DA:35,1
DA:37,3
DA:38,3
DA:44,3
DA:46,1
DA:47,1
DA:48,1
DA:51,1
DA:57,1
DA:58,0
DA:60,1
LF:28
LH:27
BRDA:34,0,0,1
BRDA:57,1,0,0
BRF:2
BRH:1
end_of_record
TN:
SF:src/icrc/contactHandlers/remove.asset.contact.handler.ts
FN:12,(anonymous_4)
FN:19,(anonymous_5)
FN:32,(anonymous_6)
FN:37,(anonymous_7)
FNF:4
FNH:4
FNDA:1,(anonymous_4)
FNDA:3,(anonymous_5)
FNDA:1,(anonymous_6)
FNDA:2,(anonymous_7)
DA:1,1
DA:5,1
DA:6,1
DA:8,1
DA:10,1
DA:13,1
DA:14,1
DA:16,1
DA:20,3
DA:21,1
DA:25,2
DA:26,1
DA:33,1
DA:34,1
DA:38,2
DA:39,0
DA:41,2
LF:17
LH:16
BRDA:20,0,0,1
BRDA:25,1,0,1
BRDA:38,2,0,0
BRF:3
BRH:2
end_of_record
TN:
SF:src/icrc/contactHandlers/remove.contact.handler.ts
FN:12,(anonymous_4)
FN:19,(anonymous_5)
FN:36,(anonymous_6)
FN:41,(anonymous_7)
FNF:4
FNH:4
FNDA:1,(anonymous_4)
FNDA:3,(anonymous_5)
FNDA:1,(anonymous_6)
FNDA:2,(anonymous_7)
DA:1,1
DA:5,1
DA:6,1
DA:8,1
DA:10,1
DA:13,1
DA:14,1
DA:16,1
DA:21,3
DA:22,1
DA:27,2
DA:29,2
DA:30,1
DA:37,1
DA:38,1
DA:42,2
DA:43,0
DA:45,2
LF:18
LH:17
BRDA:21,0,0,1
BRDA:29,1,0,1
BRDA:42,2,0,0
BRF:3
BRH:2
end_of_record
TN:
SF:src/icrc/contactHandlers/remove.subaccount.contact.handler.ts
FN:12,(anonymous_4)
FN:19,(anonymous_5)
FN:37,(anonymous_6)
FN:42,(anonymous_7)
FNF:4
FNH:4
FNDA:1,(anonymous_4)
FNDA:4,(anonymous_5)
FNDA:1,(anonymous_6)
FNDA:3,(anonymous_7)
DA:1,1
DA:5,1
DA:6,1
DA:8,1
DA:10,1
DA:13,1
DA:14,1
DA:16,1
DA:20,4
DA:21,1
DA:25,3
DA:26,1
DA:30,2
DA:31,1
DA:38,1
DA:39,1
DA:43,3
DA:44,0
DA:46,3
LF:19
LH:18
BRDA:20,0,0,1
BRDA:25,1,0,1
BRDA:30,2,0,1
BRDA:43,3,0,0
BRF:4
BRH:3
end_of_record
TN:
SF:src/icrc/errors/badRequest.error.ts
FN:3,(anonymous_0)
FNF:1
FNH:1
FNDA:8,(anonymous_0)
DA:1,29
DA:4,8
LF:2
LH:2
BRF:0
BRH:0
end_of_record
TN:
SF:src/icrc/errors/dbContextError.ts
FN:2,(anonymous_0)
FNF:1
FNH:0
FNDA:0,(anonymous_0)
DA:1,1
DA:2,0
DA:3,0
LF:3
LH:1
BRF:0
BRH:0
end_of_record
TN:
SF:src/icrc/errors/icrcCacheData.error.ts
FN:12,(anonymous_0)
FNF:1
FNH:1
FNDA:6,(anonymous_0)
DA:1,14
DA:3,14
DA:4,14
DA:5,14
DA:6,14
DA:7,14
DA:8,14
DA:10,14
DA:12,6
DA:13,6
LF:10
LH:10
BRF:0
BRH:0
end_of_record
TN:
SF:src/icrc/errors/icrcIndex.error.ts
FN:6,(anonymous_0)
FNF:1
FNH:1
FNDA:1,(anonymous_0)
DA:1,4
DA:4,4
DA:6,1
DA:7,1
LF:4
LH:4
BRF:0
BRH:0
end_of_record
TN:
SF:src/icrc/errors/icrcLedger.error.ts
FN:5,(anonymous_0)
FNF:1
FNH:1
FNDA:1,(anonymous_0)
DA:1,22
DA:3,22
DA:5,1
DA:6,1
LF:4
LH:4
BRF:0
BRH:0
end_of_record
TN:
SF:src/icrc/errors/rxDbRepositoryError.ts
FN:2,(anonymous_0)
FNF:1
FNH:1
FNDA:14,(anonymous_0)
DA:1,29
DA:2,14
DA:3,14
LF:3
LH:3
BRF:0
BRH:0
end_of_record
TN:
SF:src/icrc/errors/transactionsRepository.error.ts
FN:2,(anonymous_0)
FNF:1
FNH:1
FNDA:1,(anonymous_0)
DA:1,3
DA:2,1
DA:3,1
LF:3
LH:3
BRF:0
BRH:0
end_of_record
TN:
SF:src/icrc/errors/validation.error.ts
FN:3,(anonymous_0)
FNF:1
FNH:1
FNDA:103,(anonymous_0)
DA:1,74
DA:3,103
DA:4,103
LF:3
LH:3
BRF:0
BRH:0
end_of_record
TN:
SF:src/icrc/extensions/SubAssetExtension.ts
FN:5,orderBySubAccountId
FNF:1
FNH:1
FNDA:5,orderBySubAccountId
DA:1,27
DA:2,27
DA:5,27
DA:6,5
LF:4
LH:4
BRDA:6,0,0,5
BRDA:6,0,1,2
BRDA:6,1,0,4
BRDA:6,1,1,1
BRF:4
BRH:4
end_of_record
TN:
SF:src/icrc/extensions/TokenMarketInfoExtension.ts
FN:10,(anonymous_0)
FN:14,(anonymous_1)
FN:19,(anonymous_2)
FNF:3
FNH:3
FNDA:4097,(anonymous_0)
FNDA:4100,(anonymous_1)
FNDA:1026,(anonymous_2)
DA:1,23
DA:10,23
DA:11,4097
DA:14,23
DA:16,4100
DA:19,23
DA:20,1026
DA:22,1026
LF:8
LH:8
BRDA:20,0,0,1016
BRDA:20,0,1,10
BRF:2
BRH:2
end_of_record
TN:
SF:src/icrc/extensions/jsonExtension.ts
FN:1,(anonymous_0)
FN:3,(anonymous_1)
FNF:2
FNH:2
FNDA:168,(anonymous_0)
FNDA:130,(anonymous_1)
DA:1,24
DA:2,168
DA:3,24
DA:4,130
DA:5,25
DA:7,105
LF:6
LH:6
BRDA:2,0,0,32
BRDA:2,0,1,136
BRDA:4,1,0,25
BRDA:4,2,0,130
BRDA:4,2,1,82
BRF:5
BRH:5
end_of_record
TN:
SF:src/icrc/icrcCacheDataHandlers/asset.metaData.handler.ts
FN:24,(anonymous_0)
FN:30,(anonymous_1)
FN:37,(anonymous_2)
FN:39,(anonymous_3)
FN:43,(anonymous_4)
FN:60,(anonymous_5)
FN:78,(anonymous_6)
FNF:7
FNH:7
FNDA:7,(anonymous_0)
FNDA:2,(anonymous_1)
FNDA:6,(anonymous_2)
FNDA:3,(anonymous_3)
FNDA:2,(anonymous_4)
FNDA:2,(anonymous_5)
FNDA:4,(anonymous_6)
DA:4,7
DA:5,7
DA:6,7
DA:20,7
DA:24,7
DA:25,7
DA:27,7
DA:31,2
DA:40,3
DA:44,2
DA:48,2
DA:50,2
DA:57,2
DA:61,2
DA:62,2
DA:63,1
DA:68,2
DA:75,2
DA:81,4
DA:82,4
DA:83,1
DA:90,1
DA:92,3
LF:23
LH:23
BRDA:62,0,0,1
BRDA:82,1,0,1
BRDA:82,2,0,4
BRDA:82,2,1,1
BRF:4
BRH:4
end_of_record
TN:
SF:src/icrc/icrcCacheDataHandlers/asset.transactionFee.handler.ts
FN:20,(anonymous_0)
FN:26,(anonymous_1)
FN:33,(anonymous_2)
FN:35,(anonymous_3)
FN:39,(anonymous_4)
FN:54,(anonymous_5)
FN:69,(anonymous_6)
FNF:7
FNH:7
FNDA:2,(anonymous_0)
FNDA:2,(anonymous_1)
FNDA:6,(anonymous_2)
FNDA:3,(anonymous_3)
FNDA:2,(anonymous_4)
FNDA:2,(anonymous_5)
FNDA:4,(anonymous_6)
DA:4,2
DA:5,2
DA:6,2
DA:16,2
DA:20,2
DA:21,2
DA:23,2
DA:27,2
DA:36,3
DA:42,2
DA:46,2
DA:48,2
DA:51,2
DA:58,2
DA:59,2
DA:60,1
DA:65,2
DA:66,2
DA:72,4
DA:73,4
DA:74,1
DA:77,1
DA:79,3
LF:23
LH:23
BRDA:59,0,0,1
BRDA:73,1,0,1
BRDA:73,2,0,4
BRDA:73,2,1,1
BRF:4
BRH:4
end_of_record
TN:
SF:src/icrc/icrcCacheDataHandlers/base.icrcCache.handler.ts
FN:13,(anonymous_0)
FN:27,(anonymous_1)
FN:39,(anonymous_2)
FNF:3
FNH:3
FNDA:13,(anonymous_0)
FNDA:18,(anonymous_1)
FNDA:15,(anonymous_2)
DA:2,10
DA:9,10
DA:13,13
DA:14,13
DA:28,18
DA:29,9
DA:32,9
DA:33,9
DA:34,3
DA:36,6
DA:43,15
DA:44,15
DA:45,6
DA:46,6
DA:48,9
DA:49,6
DA:50,3
DA:51,3
DA:52,1
DA:55,5
DA:57,3
LF:21
LH:21
BRDA:28,0,0,9
BRDA:33,1,0,3
BRDA:48,2,0,6
BRDA:48,3,0,9
BRDA:48,3,1,8
BRDA:49,4,0,3
BRDA:51,5,0,1
BRF:7
BRH:7
end_of_record
TN:
SF:src/icrc/icrcCacheDataHandlers/subAccount.balance.handler.ts
FN:23,(anonymous_0)
FN:29,(anonymous_1)
FN:31,(anonymous_2)
FN:38,(anonymous_3)
FN:42,(anonymous_4)
FN:58,(anonymous_5)
FN:66,(anonymous_6)
FNF:7
FNH:1
FNDA:3,(anonymous_0)
FNDA:0,(anonymous_1)
FNDA:0,(anonymous_2)
FNDA:0,(anonymous_3)
FNDA:0,(anonymous_4)
FNDA:0,(anonymous_5)
FNDA:0,(anonymous_6)
DA:4,3
DA:5,3
DA:8,3
DA:19,3
DA:23,3
DA:24,3
DA:26,3
DA:32,0
DA:39,0
DA:43,0
DA:47,0
DA:51,0
DA:55,0
DA:59,0
DA:63,0
DA:69,0
DA:74,0
DA:75,0
DA:79,0
DA:81,0
LF:20
LH:7
BRDA:74,0,0,0
BRF:1
BRH:0
end_of_record
TN:
SF:src/icrc/icrcCacheDataHandlers/allowance/add.icrc.allowance..handler.ts
FN:10,(anonymous_0)
FN:16,(anonymous_1)
FN:18,(anonymous_2)
FN:23,(anonymous_3)
FNF:4
FNH:3
FNDA:3,(anonymous_0)
FNDA:1,(anonymous_1)
FNDA:1,(anonymous_2)
FNDA:0,(anonymous_3)
DA:3,3
DA:6,3
DA:11,3
DA:13,3
DA:19,1
DA:20,1
DA:24,0
LF:7
LH:6
BRF:0
BRH:0
end_of_record
TN:
SF:src/icrc/icrcCacheDataHandlers/allowance/check.icrc.allowance.for.contact.handler.ts
FN:15,(anonymous_0)
FN:21,(anonymous_1)
FN:23,(anonymous_2)
FN:30,(anonymous_3)
FNF:4
FNH:3
FNDA:4,(anonymous_0)
FNDA:2,(anonymous_1)
FNDA:2,(anonymous_2)
FNDA:0,(anonymous_3)
DA:3,3
DA:11,3
DA:16,4
DA:18,4
DA:24,2
DA:27,2
DA:31,0
LF:7
LH:6
BRF:0
BRH:0
end_of_record
TN:
SF:src/icrc/icrcCacheDataHandlers/allowance/check.icrc.allowance.handler.ts
FN:20,(anonymous_0)
FN:26,(anonymous_1)
FN:28,(anonymous_2)
FN:37,(anonymous_3)
FNF:4
FNH:3
FNDA:4,(anonymous_0)
FNDA:2,(anonymous_1)
FNDA:2,(anonymous_2)
FNDA:0,(anonymous_3)
DA:3,3
DA:16,3
DA:21,4
DA:23,4
DA:29,2
DA:32,2
DA:38,0
LF:7
LH:6
BRF:0
BRH:0
end_of_record
TN:
SF:src/icrc/icrcCacheDataHandlers/allowance/get.icrc.allowance.handler.ts
FN:11,(anonymous_0)
FN:17,(anonymous_1)
FN:19,(anonymous_2)
FN:27,(anonymous_3)
FNF:4
FNH:4
FNDA:2,(anonymous_0)
FNDA:2,(anonymous_1)
FNDA:2,(anonymous_2)
FNDA:1,(anonymous_3)
DA:3,1
DA:4,1
DA:7,1
DA:12,2
DA:14,2
DA:20,2
DA:21,2
DA:22,1
DA:24,1
DA:28,1
LF:10
LH:10
BRDA:21,0,0,1
BRF:1
BRH:1
end_of_record
TN:
SF:src/icrc/icrcCacheDataHandlers/allowance/get.icrc.list.allowance.handler.ts
FN:14,(anonymous_0)
FN:20,(anonymous_1)
FN:22,(anonymous_2)
FN:27,(anonymous_3)
FNF:4
FNH:3
FNDA:2,(anonymous_0)
FNDA:1,(anonymous_1)
FNDA:1,(anonymous_2)
FNDA:0,(anonymous_3)
DA:3,2
DA:10,2
DA:15,2
DA:17,2
DA:23,1
DA:24,1
DA:28,0
LF:7
LH:6
BRF:0
BRH:0
end_of_record
TN:
SF:src/icrc/icrcCacheDataHandlers/allowance/remove.icrc.allowance.handler.ts
FN:16,(anonymous_0)
FN:22,(anonymous_1)
FN:24,(anonymous_2)
FN:30,(anonymous_3)
FNF:4
FNH:3
FNDA:2,(anonymous_0)
FNDA:1,(anonymous_1)
FNDA:1,(anonymous_2)
FNDA:0,(anonymous_3)
DA:3,2
DA:12,2
DA:17,2
DA:19,2
DA:25,1
DA:31,0
LF:6
LH:5
BRF:0
BRH:0
end_of_record
TN:
SF:src/icrc/icrcCacheDataHandlers/allowance/update.icrc.allowance.handler.ts
FN:12,(anonymous_0)
FN:18,(anonymous_1)
FN:20,(anonymous_2)
FN:25,(anonymous_3)
FNF:4
FNH:3
FNDA:2,(anonymous_0)
FNDA:1,(anonymous_1)
FNDA:1,(anonymous_2)
FNDA:0,(anonymous_3)
DA:3,2
DA:8,2
DA:13,2
DA:15,2
DA:21,1
DA:22,1
DA:26,0
LF:7
LH:6
BRF:0
BRH:0
end_of_record
TN:
SF:src/icrc/icrcWrappers/indexWrapper.ts
FN:7,(anonymous_0)
FN:11,(anonymous_1)
FN:16,(anonymous_2)
FN:27,(anonymous_3)
FNF:4
FNH:4
FNDA:4,(anonymous_0)
FNDA:4,(anonymous_1)
FNDA:4,(anonymous_2)
FNDA:4,(anonymous_3)
DA:1,4
DA:3,4
DA:5,4
DA:7,4
DA:12,4
DA:13,4
DA:17,4
DA:19,4
DA:20,3
DA:23,1
DA:29,4
DA:30,4
DA:34,4
DA:37,0
DA:38,0
DA:41,0
LF:16
LH:13
BRDA:37,0,0,0
BRDA:37,1,0,0
BRDA:37,1,1,0
BRF:3
BRH:0
end_of_record
TN:
SF:src/icrc/icrcWrappers/ledgerWrapper.ts
FN:10,(anonymous_0)
FN:14,(anonymous_1)
FN:19,(anonymous_2)
FN:35,(anonymous_3)
FN:65,(anonymous_4)
FN:97,(anonymous_5)
FN:123,(anonymous_6)
FN:138,(anonymous_7)
FN:161,(anonymous_8)
FN:174,(anonymous_9)
FN:181,(anonymous_10)
FN:211,(anonymous_11)
FNF:12
FNH:8
FNDA:9,(anonymous_0)
FNDA:10,(anonymous_1)
FNDA:0,(anonymous_2)
FNDA:0,(anonymous_3)
FNDA:0,(anonymous_4)
FNDA:4,(anonymous_5)
FNDA:3,(anonymous_6)
FNDA:3,(anonymous_7)
FNDA:0,(anonymous_8)
FNDA:3,(anonymous_9)
FNDA:14,(anonymous_10)
FNDA:10,(anonymous_11)
DA:2,22
DA:4,22
DA:5,22
DA:6,22
DA:8,22
DA:10,9
DA:15,10
DA:16,9
DA:20,0
DA:22,0
DA:28,0
DA:31,0
DA:36,0
DA:38,0
DA:47,0
DA:51,0
DA:53,0
DA:54,0
DA:56,0
DA:57,0
DA:59,0
DA:61,0
DA:66,0
DA:67,0
DA:79,0
DA:82,0
DA:84,0
DA:85,0
DA:87,0
DA:88,0
DA:90,0
DA:92,0
DA:99,4
DA:100,4
DA:104,3
DA:108,1
DA:110,1
DA:111,1
DA:113,1
DA:114,0
DA:116,0
DA:119,1
DA:125,3
DA:126,3
DA:130,3
DA:134,0
DA:139,3
DA:140,3
DA:141,3
DA:151,3
DA:153,3
DA:157,0
DA:163,0
DA:164,0
DA:166,0
DA:170,0
DA:175,3
DA:176,3
DA:177,3
DA:178,3
DA:179,3
DA:181,3
DA:182,14
DA:183,3
DA:184,3
DA:186,14
DA:187,3
DA:188,3
DA:190,14
DA:191,3
DA:192,3
DA:194,14
DA:195,1
DA:196,1
DA:198,14
DA:199,3
DA:200,3
DA:205,3
DA:213,10
DA:214,10
DA:219,9
DA:222,1
DA:223,0
DA:226,1
LF:84
LH:51
BRDA:41,0,0,0
BRDA:41,0,1,0
BRDA:56,1,0,0
BRDA:87,2,0,0
BRDA:113,3,0,0
BRDA:182,4,0,3
BRDA:186,5,0,3
BRDA:190,6,0,3
BRDA:194,7,0,1
BRDA:198,8,0,3
BRDA:222,9,0,0
BRDA:222,10,0,1
BRDA:222,10,1,1
BRF:13
BRH:7
end_of_record
TN:
SF:src/icrc/internalHandlers/base.internal.handler.ts
FN:13,(anonymous_0)
FN:26,(anonymous_1)
FN:72,(anonymous_2)
FN:76,(anonymous_3)
FN:77,(anonymous_4)
FN:84,(anonymous_5)
FN:94,(anonymous_6)
FN:95,(anonymous_7)
FNF:8
FNH:8
FNDA:10,(anonymous_0)
FNDA:1033,(anonymous_1)
FNDA:10,(anonymous_2)
FNDA:9,(anonymous_3)
FNDA:171,(anonymous_4)
FNDA:9,(anonymous_5)
FNDA:17,(anonymous_6)
FNDA:17,(anonymous_7)
DA:2,7
DA:3,7
DA:4,7
DA:7,7
DA:9,7
DA:11,7
DA:14,10
DA:15,10
DA:17,10
DA:31,1033
DA:42,1033
DA:47,1033
DA:48,1033
DA:49,9
DA:52,1031
DA:53,1031
DA:58,1031
DA:59,1024
DA:65,1024
DA:66,1024
DA:67,1024
DA:69,1031
DA:73,10
DA:75,10
DA:76,10
DA:77,171
DA:80,1
DA:83,10
DA:84,10
DA:85,9
DA:91,10
DA:95,17
DA:98,17
DA:99,12
DA:101,5
LF:35
LH:35
BRDA:48,0,0,9
BRDA:54,1,0,8
BRDA:54,1,1,1023
BRDA:58,2,0,1024
BRDA:95,3,0,17
BRDA:95,3,1,14
BRDA:95,3,2,13
BRDA:98,4,0,12
BRF:8
BRH:8
end_of_record
TN:
SF:src/icrc/internalHandlers/get.subAccountBy.handler.ts
FN:13,(anonymous_0)
FN:21,(anonymous_1)
FN:23,(anonymous_2)
FN:36,(anonymous_3)
FN:47,(anonymous_4)
FNF:5
FNH:5
FNDA:3,(anonymous_0)
FNDA:6,(anonymous_1)
FNDA:3,(anonymous_2)
FNDA:41,(anonymous_3)
FNDA:1,(anonymous_4)
DA:7,3
DA:9,3
DA:14,3
DA:15,3
DA:16,3
DA:18,3
DA:25,3
DA:29,3
DA:30,3
DA:31,2
DA:33,3
DA:34,3
DA:35,3
DA:36,41
DA:39,3
DA:41,3
DA:42,3
DA:43,2
DA:45,3
DA:48,1
LF:20
LH:20
BRDA:30,0,0,2
BRDA:33,1,0,1
BRDA:33,1,1,2
BRDA:33,2,0,3
BRDA:33,2,1,1
BRDA:39,3,0,1
BRDA:39,3,1,2
BRDA:39,4,0,3
BRDA:39,4,1,1
BRDA:42,5,0,2
BRDA:42,6,0,3
BRDA:42,6,1,1
BRF:12
BRH:12
end_of_record
TN:
SF:src/icrc/internalHandlers/load.asset.handler.ts
FN:15,(anonymous_0)
FN:24,(anonymous_1)
FN:26,(anonymous_2)
FN:78,(anonymous_3)
FN:82,(anonymous_4)
FN:94,(anonymous_5)
FN:118,(anonymous_6)
FN:125,(anonymous_7)
FNF:8
FNH:8
FNDA:5,(anonymous_0)
FNDA:9,(anonymous_1)
FNDA:8,(anonymous_2)
FNDA:25,(anonymous_3)
FNDA:12,(anonymous_4)
FNDA:10,(anonymous_5)
FNDA:4,(anonymous_6)
FNDA:1018,(anonymous_7)
DA:2,3
DA:9,3
DA:11,3
DA:16,5
DA:17,5
DA:18,5
DA:19,5
DA:21,5
DA:28,8
DA:34,8
DA:39,8
DA:56,8
DA:57,6
DA:58,6
DA:59,6
DA:60,6
DA:61,6
DA:62,6
DA:64,2
DA:65,1
DA:68,7
DA:69,5
DA:71,2
DA:72,1
DA:75,6
DA:77,6
DA:78,25
DA:81,6
DA:83,12
DA:88,10
DA:89,2
DA:91,10
DA:94,10
DA:100,5
DA:101,5
DA:102,1028
DA:103,1018
DA:105,1018
DA:106,998
DA:107,998
DA:110,20
DA:112,1018
DA:115,5
DA:116,5
DA:119,4
DA:120,3
DA:122,1
DA:130,1018
DA:133,1018
DA:135,1018
DA:136,998
DA:139,20
LF:52
LH:52
BRDA:56,0,0,6
BRDA:56,0,1,2
BRDA:56,1,0,8
BRDA:56,1,1,6
BRDA:68,2,0,5
BRDA:68,2,1,2
BRDA:68,3,0,7
BRDA:68,3,1,5
BRDA:87,4,0,12
BRDA:87,4,1,2
BRDA:88,5,0,2
BRDA:102,6,0,1018
BRDA:104,7,0,1018
BRDA:104,7,1,5
BRDA:105,8,0,998
BRDA:105,8,1,20
BRDA:112,9,0,4
BRDA:119,10,0,3
BRDA:135,11,0,998
BRDA:135,11,1,20
BRDA:135,12,0,1018
BRDA:135,12,1,20
BRF:22
BRH:22
end_of_record
TN:
SF:src/icrc/transactionHandlers/get.list.transaction.handler.ts
FN:11,(anonymous_0)
FN:20,(anonymous_1)
FN:27,(anonymous_2)
FN:37,(anonymous_3)
FN:51,(anonymous_4)
FN:65,(anonymous_5)
FN:75,(anonymous_6)
FNF:7
FNH:7
FNDA:1,(anonymous_0)
FNDA:4,(anonymous_1)
FNDA:3,(anonymous_2)
FNDA:1,(anonymous_3)
FNDA:1,(anonymous_4)
FNDA:1,(anonymous_5)
FNDA:1,(anonymous_6)
DA:3,1
DA:4,1
DA:5,1
DA:9,1
DA:12,1
DA:13,1
DA:14,1
DA:17,1
DA:21,4
DA:22,1
DA:28,3
DA:29,3
DA:30,0
DA:32,3
DA:33,3
DA:35,1
DA:37,1
DA:47,1
DA:49,1
DA:51,1
DA:61,1
DA:63,1
DA:65,1
DA:68,1
DA:71,3
DA:76,1
DA:77,0
DA:79,1
LF:28
LH:26
BRDA:21,0,0,1
BRDA:29,1,0,0
BRDA:33,2,0,1
BRDA:33,2,1,1
BRDA:33,2,2,1
BRDA:76,3,0,0
BRF:6
BRH:4
end_of_record
TN:
SF:src/icrc/types/enums.ts
FN:1,(anonymous_0)
FN:5,(anonymous_1)
FN:7,(anonymous_2)
FN:9,(anonymous_3)
FN:11,(anonymous_4)
FNF:5
FNH:5
FNDA:31,(anonymous_0)
FNDA:31,(anonymous_1)
FNDA:31,(anonymous_2)
FNDA:31,(anonymous_3)
FNDA:31,(anonymous_4)
DA:1,31
DA:2,31
DA:5,31
DA:7,31
DA:9,31
DA:11,31
LF:6
LH:6
BRDA:1,0,0,31
BRDA:1,0,1,31
BRDA:5,1,0,31
BRDA:5,1,1,31
BRDA:7,2,0,31
BRDA:7,2,1,31
BRDA:9,3,0,31
BRDA:9,3,1,31
BRDA:11,4,0,31
BRDA:11,4,1,31
BRF:10
BRH:10
end_of_record
TN:
SF:src/repositories/allowanceCacheStorage.ts
FN:26,(anonymous_0)
FN:30,(anonymous_1)
FN:42,(anonymous_2)
FN:50,(anonymous_3)
FN:52,(anonymous_4)
FN:68,(anonymous_5)
FN:70,(anonymous_6)
FN:84,(anonymous_7)
FN:86,(anonymous_8)
FN:98,(anonymous_9)
FN:108,(anonymous_10)
FN:123,(anonymous_11)
FN:137,(anonymous_12)
FN:147,(anonymous_13)
FN:152,(anonymous_14)
FN:156,(anonymous_15)
FN:157,(anonymous_16)
FN:181,(anonymous_17)
FNF:18
FNH:12
FNDA:21,(anonymous_0)
FNDA:0,(anonymous_1)
FNDA:0,(anonymous_2)
FNDA:2,(anonymous_3)
FNDA:1,(anonymous_4)
FNDA:2,(anonymous_5)
FNDA:1,(anonymous_6)
FNDA:2,(anonymous_7)
FNDA:1,(anonymous_8)
FNDA:1,(anonymous_9)
FNDA:0,(anonymous_10)
FNDA:3,(anonymous_11)
FNDA:6,(anonymous_12)
FNDA:4,(anonymous_13)
FNDA:10,(anonymous_14)
FNDA:0,(anonymous_15)
FNDA:0,(anonymous_16)
FNDA:0,(anonymous_17)
DA:2,12
DA:3,12
DA:4,12
DA:5,12
DA:8,12
DA:24,12
DA:26,21
DA:27,21
DA:31,0
DA:32,0
DA:33,0
DA:34,0
DA:35,0
DA:36,0
DA:39,0
DA:43,0
DA:45,0
DA:47,0
DA:51,2
DA:52,2
DA:55,2
DA:56,1
DA:61,1
DA:62,1
DA:64,1
DA:65,1
DA:69,2
DA:70,2
DA:73,2
DA:74,1
DA:78,1
DA:79,1
DA:80,1
DA:81,1
DA:85,2
DA:86,2
DA:89,2
DA:90,1
DA:98,1
DA:101,1
DA:102,1
DA:104,2
DA:105,2
DA:109,0
DA:110,0
DA:111,0
DA:112,0
DA:114,0
DA:121,0
DA:126,3
DA:127,3
DA:131,3
DA:132,3
DA:134,0
DA:138,6
DA:139,6
DA:140,6
DA:141,3
DA:142,3
DA:144,3
DA:148,4
DA:149,4
DA:153,10
DA:157,0
DA:160,0
DA:161,0
DA:162,0
DA:163,0
DA:164,0
DA:166,0
DA:168,0
DA:175,0
DA:176,0
DA:178,0
DA:182,0
DA:183,0
DA:184,0
DA:193,0
LF:78
LH:46
BRDA:31,0,0,0
BRDA:31,0,1,0
BRDA:35,1,0,0
BRDA:43,2,0,0
BRDA:43,2,1,0
BRDA:51,3,0,2
BRDA:51,3,1,1
BRDA:52,4,0,1
BRDA:52,4,1,1
BRDA:52,4,2,1
BRDA:55,5,0,1
BRDA:55,5,1,1
BRDA:69,6,0,2
BRDA:69,6,1,1
BRDA:70,7,0,1
BRDA:70,7,1,1
BRDA:70,7,2,1
BRDA:73,8,0,1
BRDA:85,9,0,2
BRDA:85,9,1,1
BRDA:86,10,0,1
BRDA:86,10,1,1
BRDA:86,10,2,1
BRDA:89,11,0,1
BRDA:89,11,1,1
BRDA:98,12,0,1
BRDA:98,12,1,0
BRDA:98,12,2,0
BRDA:111,13,0,0
BRDA:119,14,0,0
BRDA:119,14,1,0
BRDA:131,15,0,3
BRDA:140,16,0,3
BRDA:157,17,0,0
BRDA:157,17,1,0
BRDA:157,17,2,0
BRDA:160,18,0,0
BRDA:164,19,0,0
BRDA:164,20,0,0
BRDA:164,20,1,0
BRDA:173,21,0,0
BRDA:173,21,1,0
BRDA:191,22,0,0
BRDA:191,22,1,0
BRF:44
BRH:23
end_of_record
TN:
SF:src/repositories/allowanceDataStorage.ts
FN:11,(anonymous_0)
FN:14,(anonymous_1)
FN:17,(anonymous_2)
FN:23,(anonymous_3)
FNF:4
FNH:0
FNDA:0,(anonymous_0)
FNDA:0,(anonymous_1)
FNDA:0,(anonymous_2)
FNDA:0,(anonymous_3)
DA:4,4
DA:10,4
DA:12,0
DA:15,0
DA:19,0
DA:21,0
DA:24,0
LF:7
LH:2
BRDA:19,0,0,0
BRDA:19,0,1,0
BRDA:21,1,0,0
BRDA:21,1,1,0
BRF:4
BRH:0
end_of_record
TN:
SF:src/repositories/allowanceRepository.ts
FN:11,(anonymous_0)
FN:17,(anonymous_1)
FN:19,(anonymous_2)
FN:24,(anonymous_3)
FN:36,(anonymous_4)
FN:54,(anonymous_5)
FN:59,(anonymous_6)
FN:87,(anonymous_7)
FNF:8
FNH:8
FNDA:10,(anonymous_0)
FNDA:1,(anonymous_1)
FNDA:1,(anonymous_2)
FNDA:2,(anonymous_3)
FNDA:2,(anonymous_4)
FNDA:1,(anonymous_5)
FNDA:2,(anonymous_6)
FNDA:5,(anonymous_7)
DA:2,8
DA:9,8
DA:13,10
DA:18,1
DA:19,1
DA:21,1
DA:25,2
DA:28,2
DA:29,2
DA:30,1
DA:33,1
DA:38,2
DA:39,2
DA:40,1
DA:46,2
DA:56,1
DA:60,2
DA:61,2
DA:62,2
DA:88,5
LF:20
LH:20
BRDA:29,0,0,1
BRDA:39,1,0,1
BRDA:62,2,0,1
BRDA:62,2,1,1
BRF:4
BRH:4
end_of_record
TN:
SF:src/repositories/assetDataStorage.ts
FN:13,(anonymous_0)
FN:17,(anonymous_1)
FN:33,(anonymous_2)
FN:51,(anonymous_3)
FN:55,(anonymous_4)
FNF:5
FNH:1
FNDA:0,(anonymous_0)
FNDA:0,(anonymous_1)
FNDA:0,(anonymous_2)
FNDA:0,(anonymous_3)
FNDA:24,(anonymous_4)
DA:5,12
DA:12,12
DA:14,0
DA:19,0
DA:20,0
DA:22,0
DA:26,0
DA:27,0
DA:29,0
DA:35,0
DA:37,0
DA:39,0
DA:41,0
DA:44,0
DA:45,0
DA:47,0
DA:52,0
DA:55,24
DA:56,24
DA:57,24
DA:59,24
LF:21
LH:6
BRDA:37,0,0,0
BRDA:37,0,1,0
BRDA:39,1,0,0
BRDA:39,1,1,0
BRF:4
BRH:0
end_of_record
TN:
SF:src/repositories/assetRepository.ts
FN:13,(anonymous_0)
FN:17,(anonymous_1)
FN:19,(anonymous_2)
FN:31,(anonymous_3)
FN:35,(anonymous_4)
FN:39,(anonymous_5)
FN:46,(anonymous_6)
FN:52,(anonymous_7)
FN:64,(anonymous_8)
FN:68,(anonymous_9)
FN:72,(anonymous_10)
FN:76,(anonymous_11)
FN:80,(anonymous_12)
FN:88,(anonymous_13)
FN:93,(anonymous_14)
FN:103,(anonymous_15)
FN:107,(anonymous_16)
FN:109,(anonymous_17)
FN:114,(anonymous_18)
FN:116,(anonymous_19)
FN:121,(anonymous_20)
FN:123,(anonymous_21)
FN:127,(anonymous_22)
FN:131,(anonymous_23)
FN:143,(anonymous_24)
FN:206,(anonymous_25)
FNF:26
FNH:24
FNDA:38,(anonymous_0)
FNDA:2,(anonymous_1)
FNDA:0,(anonymous_2)
FNDA:2,(anonymous_3)
FNDA:2,(anonymous_4)
FNDA:1,(anonymous_5)
FNDA:2,(anonymous_6)
FNDA:1,(anonymous_7)
FNDA:1,(anonymous_8)
FNDA:3,(anonymous_9)
FNDA:1,(anonymous_10)
FNDA:2,(anonymous_11)
FNDA:1,(anonymous_12)
FNDA:2,(anonymous_13)
FNDA:1,(anonymous_14)
FNDA:2,(anonymous_15)
FNDA:2,(anonymous_16)
FNDA:2,(anonymous_17)
FNDA:2,(anonymous_18)
FNDA:1,(anonymous_19)
FNDA:4,(anonymous_20)
FNDA:4,(anonymous_21)
FNDA:1,(anonymous_22)
FNDA:2,(anonymous_23)
FNDA:1,(anonymous_24)
FNDA:0,(anonymous_25)
DA:2,26
DA:3,26
DA:5,26
DA:6,26
DA:7,26
DA:12,26
DA:13,38
DA:18,2
DA:19,2
DA:20,2
DA:21,1
DA:22,1
DA:25,2
DA:26,4
DA:28,2
DA:32,2
DA:36,2
DA:37,2
DA:38,1
DA:39,1
DA:42,1
DA:43,1
DA:48,2
DA:50,2
DA:51,1
DA:52,1
DA:64,1
DA:65,1
DA:69,3
DA:70,3
DA:71,1
DA:72,1
DA:75,2
DA:76,2
DA:78,2
DA:79,1
DA:80,1
DA:84,1
DA:85,1
DA:90,2
DA:91,2
DA:92,1
DA:93,1
DA:97,1
DA:98,1
DA:99,1
DA:100,1
DA:104,2
DA:108,2
DA:109,2
DA:111,2
DA:115,2
DA:116,2
DA:117,2
DA:118,2
DA:122,4
DA:123,4
DA:124,4
DA:128,1
DA:133,2
DA:134,2
DA:135,0
DA:139,2
DA:140,2
DA:144,1
DA:207,0
LF:66
LH:64
BRDA:20,0,0,1
BRDA:37,1,0,1
BRDA:50,2,0,1
BRDA:70,3,0,1
BRDA:78,4,0,1
BRDA:91,5,0,1
BRDA:109,6,0,1
BRDA:109,6,1,1
BRDA:134,7,0,0
BRF:9
BRH:8
end_of_record
TN:
SF:src/repositories/contactDataStorage.ts
FN:11,(anonymous_0)
FN:14,(anonymous_1)
FN:17,(anonymous_2)
FN:23,(anonymous_3)
FNF:4
FNH:0
FNDA:0,(anonymous_0)
FNDA:0,(anonymous_1)
FNDA:0,(anonymous_2)
FNDA:0,(anonymous_3)
DA:4,11
DA:10,11
DA:12,0
DA:15,0
DA:19,0
DA:21,0
DA:24,0
LF:7
LH:2
BRDA:19,0,0,0
BRDA:19,0,1,0
BRDA:21,1,0,0
BRDA:21,1,1,0
BRF:4
BRH:0
end_of_record
TN:
SF:src/repositories/contactRepository.ts
FN:12,(anonymous_0)
FN:15,(anonymous_1)
FN:19,(anonymous_2)
FN:23,(anonymous_3)
FN:30,(anonymous_4)
FN:34,(anonymous_5)
FN:37,(anonymous_6)
FN:53,(anonymous_7)
FN:55,(anonymous_8)
FN:60,(anonymous_9)
FN:65,(anonymous_10)
FN:81,(anonymous_11)
FN:86,(anonymous_12)
FN:94,(anonymous_13)
FN:108,(anonymous_14)
FN:113,(anonymous_15)
FN:119,(anonymous_16)
FN:123,(anonymous_17)
FN:129,(anonymous_18)
FN:135,(anonymous_19)
FN:145,(anonymous_20)
FN:146,(anonymous_21)
FNF:22
FNH:22
FNDA:38,(anonymous_0)
FNDA:4,(anonymous_1)
FNDA:1,(anonymous_2)
FNDA:2,(anonymous_3)
FNDA:1,(anonymous_4)
FNDA:3,(anonymous_5)
FNDA:2,(anonymous_6)
FNDA:3,(anonymous_7)
FNDA:2,(anonymous_8)
FNDA:4,(anonymous_9)
FNDA:2,(anonymous_10)
FNDA:5,(anonymous_11)
FNDA:2,(anonymous_12)
FNDA:3,(anonymous_13)
FNDA:3,(anonymous_14)
FNDA:1,(anonymous_15)
FNDA:2,(anonymous_16)
FNDA:4,(anonymous_17)
FNDA:2,(anonymous_18)
FNDA:20,(anonymous_19)
FNDA:9,(anonymous_20)
FNDA:7,(anonymous_21)
DA:1,21
DA:7,21
DA:10,21
DA:12,38
DA:16,4
DA:20,1
DA:24,2
DA:25,1
DA:26,1
DA:27,1
DA:31,1
DA:35,3
DA:37,2
DA:38,2
DA:39,1
DA:44,1
DA:48,1
DA:49,1
DA:50,1
DA:54,3
DA:55,2
DA:56,2
DA:57,2
DA:61,4
DA:63,3
DA:64,2
DA:65,2
DA:67,2
DA:68,1
DA:72,1
DA:76,1
DA:77,1
DA:78,1
DA:82,5
DA:84,4
DA:85,3
DA:86,3
DA:88,3
DA:89,1
DA:93,2
DA:94,3
DA:96,2
DA:97,1
DA:102,1
DA:103,1
DA:104,1
DA:105,1
DA:109,3
DA:111,2
DA:112,1
DA:113,1
DA:115,1
DA:116,1
DA:120,2
DA:121,2
DA:123,4
DA:125,2
DA:130,2
DA:131,2
DA:132,2
DA:136,20
DA:137,20
DA:138,6
DA:142,14
DA:146,9
DA:147,9
DA:148,3
DA:152,6
LF:68
LH:68
BRDA:16,0,0,4
BRDA:16,0,1,1
BRDA:38,1,0,1
BRDA:67,2,0,1
BRDA:88,3,0,1
BRDA:96,4,0,1
BRDA:131,5,0,1
BRDA:131,5,1,1
BRDA:137,6,0,6
BRDA:147,7,0,3
BRF:10
BRH:10
end_of_record
TN:
SF:src/repositories/localCacheRepository.ts
FN:30,(anonymous_0)
FN:35,(anonymous_1)
FN:42,(anonymous_2)
FN:49,(anonymous_3)
FN:59,(anonymous_4)
FN:66,(anonymous_5)
FN:77,(anonymous_6)
FN:82,(anonymous_7)
FN:87,(anonymous_8)
FN:96,(anonymous_9)
FN:104,(anonymous_10)
FN:109,(anonymous_11)
FNF:12
FNH:12
FNDA:14,(anonymous_0)
FNDA:4,(anonymous_1)
FNDA:3,(anonymous_2)
FNDA:9,(anonymous_3)
FNDA:2,(anonymous_4)
FNDA:3,(anonymous_5)
FNDA:3,(anonymous_6)
FNDA:1,(anonymous_7)
FNDA:3,(anonymous_8)
FNDA:2,(anonymous_9)
FNDA:2,(anonymous_10)
FNDA:13,(anonymous_11)
DA:2,11
DA:3,11
DA:29,11
DA:31,14
DA:32,14
DA:39,4
DA:40,4
DA:41,3
DA:42,3
DA:44,3
DA:46,1
DA:50,9
DA:51,9
DA:52,9
DA:53,7
DA:54,7
DA:56,2
DA:63,2
DA:64,2
DA:65,2
DA:66,3
DA:68,2
DA:69,1
DA:71,1
DA:73,2
DA:78,3
DA:79,3
DA:83,1
DA:84,1
DA:88,3
DA:90,3
DA:91,1
DA:96,2
DA:98,2
DA:99,1
DA:104,2
DA:106,1
DA:110,13
LF:38
LH:38
BRDA:40,0,0,3
BRDA:52,1,0,7
BRDA:64,2,0,2
BRDA:68,3,0,1
BRDA:68,3,1,1
BRDA:90,4,0,1
BRDA:98,5,0,1
BRDA:98,6,0,2
BRDA:98,6,1,2
BRF:9
BRH:9
end_of_record
TN:
SF:src/repositories/transactionRepository.ts
FN:15,(anonymous_0)
FN:17,(anonymous_1)
FN:52,(anonymous_2)
FN:64,(anonymous_3)
FN:69,(anonymous_4)
FN:75,(anonymous_5)
FN:86,(anonymous_6)
FN:123,(anonymous_7)
FN:136,(anonymous_8)
FN:149,(anonymous_9)
FN:162,(anonymous_10)
FN:191,(anonymous_11)
FN:205,(anonymous_12)
FN:211,(anonymous_13)
FNF:14
FNH:6
FNDA:5,(anonymous_0)
FNDA:3,(anonymous_1)
FNDA:26,(anonymous_2)
FNDA:1,(anonymous_3)
FNDA:0,(anonymous_4)
FNDA:26,(anonymous_5)
FNDA:78,(anonymous_6)
FNDA:0,(anonymous_7)
FNDA:0,(anonymous_8)
FNDA:0,(anonymous_9)
FNDA:0,(anonymous_10)
FNDA:0,(anonymous_11)
FNDA:0,(anonymous_12)
FNDA:0,(anonymous_13)
DA:1,3
DA:4,3
DA:5,3
DA:6,3
DA:9,3
DA:11,3
DA:13,3
DA:15,5
DA:19,3
DA:20,3
DA:21,3
DA:22,3
DA:23,3
DA:26,0
DA:28,3
DA:32,3
DA:33,3
DA:50,3
DA:51,2
DA:52,2
DA:53,26
DA:55,2
DA:58,1
DA:61,2
DA:65,1
DA:66,1
DA:67,1
DA:68,1
DA:69,1
DA:70,1
DA:72,1
DA:81,26
DA:86,26
DA:87,78
DA:88,78
DA:89,78
DA:90,0
DA:91,0
DA:93,78
DA:94,6
DA:95,72
DA:96,32
DA:98,40
DA:99,20
DA:101,40
DA:102,20
DA:106,78
DA:110,26
DA:112,78
DA:113,78
DA:114,78
DA:115,78
DA:116,78
DA:119,26
DA:127,0
DA:128,0
DA:134,0
DA:136,0
DA:138,0
DA:139,0
DA:140,0
DA:141,0
DA:144,0
DA:145,0
DA:147,0
DA:149,0
DA:151,0
DA:152,0
DA:153,0
DA:154,0
DA:157,0
DA:158,0
DA:160,0
DA:162,0
DA:164,0
DA:165,0
DA:167,0
DA:168,0
DA:170,0
DA:171,0
DA:173,0
DA:174,0
DA:176,0
DA:178,0
DA:181,0
DA:184,0
DA:186,0
DA:188,0
DA:192,0
DA:193,0
DA:194,0
DA:196,0
DA:198,0
DA:202,0
DA:206,0
DA:216,0
DA:217,0
DA:218,0
DA:219,0
LF:99
LH:51
BRDA:50,0,0,1
BRDA:89,1,0,0
BRDA:93,2,0,6
BRDA:93,2,1,72
BRDA:95,3,0,32
BRDA:95,3,1,40
BRDA:98,4,0,20
BRDA:101,5,0,20
BRDA:106,6,0,26
BRDA:107,7,0,78
BRDA:107,7,1,26
BRDA:112,8,0,4
BRDA:112,8,1,74
BRDA:134,9,0,0
BRDA:134,9,1,0
BRDA:134,9,2,0
BRDA:174,10,0,0
BRDA:174,10,1,0
BRDA:174,11,0,0
BRDA:174,11,1,0
BRDA:206,12,0,0
BRDA:206,12,1,0
BRF:22
BRH:12
end_of_record
TN:
SF:src/repositories/base/baseDataStorage.ts
FN:23,(anonymous_0)
FN:24,(anonymous_1)
FN:28,(anonymous_2)
FN:44,(anonymous_3)
FN:50,(anonymous_4)
FN:58,(anonymous_5)
FN:60,(anonymous_6)
FN:71,(anonymous_7)
FN:74,(anonymous_8)
FN:106,(anonymous_9)
FN:120,(anonymous_10)
FN:124,(anonymous_11)
FN:132,(anonymous_12)
FN:147,(anonymous_13)
FN:149,(anonymous_14)
FN:164,(anonymous_15)
FN:178,(anonymous_16)
FN:180,(anonymous_17)
FN:195,(anonymous_18)
FN:203,(anonymous_19)
FN:207,(anonymous_20)
FN:209,(anonymous_21)
FNF:22
FNH:22
FNDA:19,(anonymous_0)
FNDA:296,(anonymous_1)
FNDA:11,(anonymous_2)
FNDA:59,(anonymous_3)
FNDA:5,(anonymous_4)
FNDA:1,(anonymous_5)
FNDA:3,(anonymous_6)
FNDA:3,(anonymous_7)
FNDA:6,(anonymous_8)
FNDA:3,(anonymous_9)
FNDA:2,(anonymous_10)
FNDA:3,(anonymous_11)
FNDA:2,(anonymous_12)
FNDA:2,(anonymous_13)
FNDA:4,(anonymous_14)
FNDA:2,(anonymous_15)
FNDA:2,(anonymous_16)
FNDA:4,(anonymous_17)
FNDA:2,(anonymous_18)
FNDA:1,(anonymous_19)
FNDA:4,(anonymous_20)
FNDA:64,(anonymous_21)
DA:2,29
DA:4,29
DA:6,29
DA:23,29
DA:24,296
DA:25,19
DA:28,29
DA:29,11
DA:32,29
DA:44,59
DA:45,59
DA:46,59
DA:51,5
DA:52,5
DA:59,1
DA:60,3
DA:62,1
DA:63,1
DA:66,0
DA:67,0
DA:71,3
DA:76,6
DA:78,6
DA:79,5
DA:80,1
DA:82,5
DA:95,1
DA:96,1
DA:103,5
DA:107,3
DA:108,3
DA:109,2
DA:110,1
DA:111,1
DA:113,1
DA:116,1
DA:121,2
DA:123,2
DA:124,3
DA:125,1
DA:128,1
DA:133,2
DA:134,2
DA:140,2
DA:143,1
DA:148,2
DA:149,2
DA:150,4
DA:157,2
DA:160,1
DA:165,2
DA:167,2
DA:168,1
DA:174,1
DA:179,2
DA:180,2
DA:181,4
DA:188,2
DA:191,1
DA:196,2
DA:197,2
DA:198,1
DA:200,1
DA:204,1
DA:209,64
DA:211,4
DA:212,4
LF:67
LH:65
BRDA:24,0,0,2
BRDA:24,0,1,294
BRDA:79,1,0,1
BRDA:85,2,0,5
BRDA:85,2,1,0
BRDA:109,3,0,1
BRDA:124,4,0,1
BRDA:124,4,1,0
BRDA:197,5,0,1
BRDA:209,6,0,0
BRDA:209,6,1,64
BRF:11
BRH:8
end_of_record
TN:
SF:src/repositories/base/dbContext.ts
FN:7,(anonymous_1)
FN:15,(anonymous_2)
FN:22,(anonymous_3)
FN:26,(anonymous_4)
FNF:4
FNH:3
FNDA:1,(anonymous_1)
FNDA:27,(anonymous_2)
FNDA:0,(anonymous_3)
FNDA:1,(anonymous_4)
DA:1,1
DA:2,1
DA:4,1
DA:6,1
DA:8,1
DA:9,1
DA:16,27
DA:17,27
DA:19,0
DA:23,0
DA:27,1
DA:28,1
DA:35,1
LF:13
LH:11
BRDA:16,0,0,27
BRF:1
BRH:1
end_of_record
TN:
SF:src/service/identifierService.ts
FN:6,(anonymous_0)
FN:14,(anonymous_1)
FN:18,(anonymous_2)
FN:21,(anonymous_3)
FNF:4
FNH:4
FNDA:34,(anonymous_0)
FNDA:10,(anonymous_1)
FNDA:5,(anonymous_2)
FNDA:1,(anonymous_3)
DA:4,24
DA:7,34
DA:8,34
DA:15,10
DA:19,5
DA:22,1
LF:6
LH:6
BRF:0
BRH:0
end_of_record
TN:
SF:src/utils/generic.ts
FN:3,(anonymous_1)
FN:9,(anonymous_2)
FN:17,(anonymous_3)
FN:33,(anonymous_4)
FN:52,(anonymous_5)
FN:56,(anonymous_6)
FN:75,getPropertyName
FN:77,(anonymous_8)
FN:81,(anonymous_9)
FNF:9
FNH:9
FNDA:9,(anonymous_1)
FNDA:1022,(anonymous_2)
FNDA:7,(anonymous_3)
FNDA:8,(anonymous_4)
FNDA:3,(anonymous_5)
FNDA:21,(anonymous_6)
FNDA:8,getPropertyName
FNDA:31,(anonymous_8)
FNDA:6,(anonymous_9)
DA:1,79
DA:3,79
DA:4,9
DA:5,9
DA:6,9
DA:9,79
DA:14,1022
DA:17,79
DA:18,7
DA:19,7
DA:20,7
DA:21,7
DA:22,6
DA:23,6
DA:24,6
DA:25,6
DA:26,6
DA:27,6
DA:29,6
DA:30,1
DA:33,79
DA:34,8
DA:35,8
DA:36,2
DA:37,2
DA:38,16
DA:40,2
DA:42,6
DA:43,6
DA:44,6
DA:45,6
DA:46,28
DA:48,6
DA:52,79
DA:53,3
DA:56,79
DA:57,21
DA:58,18
DA:59,18
DA:60,16
DA:61,16
DA:62,41
DA:63,41
DA:69,16
DA:71,2
DA:75,79
DA:76,8
DA:77,31
DA:78,8
DA:81,79
DA:82,6
DA:84,6
DA:85,6
DA:86,1
DA:87,1
DA:88,1
DA:89,5
DA:90,4
DA:91,8
DA:92,8
DA:95,5
DA:96,5
DA:98,5
DA:99,5
DA:100,1
DA:102,4
DA:103,4
DA:104,4
LF:68
LH:68
BRDA:21,0,0,6
BRDA:21,0,1,1
BRDA:35,1,0,2
BRDA:35,1,1,6
BRDA:35,2,0,8
BRDA:35,2,1,6
BRDA:57,3,0,3
BRDA:59,4,0,16
BRDA:59,4,1,2
BRDA:82,5,0,0
BRDA:85,6,0,1
BRDA:85,6,1,5
BRDA:86,7,0,0
BRDA:87,8,0,1
BRDA:87,8,1,1
BRDA:89,9,0,4
BRDA:92,10,0,4
BRDA:96,11,0,0
BRDA:99,12,0,1
BRDA:99,12,1,4
BRDA:102,13,0,4
BRDA:102,13,1,4
BRDA:103,14,0,0
BRDA:103,14,1,4
BRDA:104,15,0,4
BRDA:104,15,1,4
BRF:26
BRH:22
end_of_record
TN:
SF:src/utils/index.ts
FNF:0
FNH:0
DA:1,49
LF:1
LH:1
BRF:0
BRH:0
end_of_record
TN:
SF:src/utils/subAccountUtils.ts
FN:4,(anonymous_1)
FN:8,(anonymous_2)
FN:18,(anonymous_3)
FN:32,(anonymous_4)
FN:43,(anonymous_5)
FN:54,(anonymous_6)
FN:70,(anonymous_7)
FNF:7
FNH:6
FNDA:3,(anonymous_1)
FNDA:6,(anonymous_2)
FNDA:25,(anonymous_3)
FNDA:28,(anonymous_4)
FNDA:0,(anonymous_5)
FNDA:3,(anonymous_6)
FNDA:3,(anonymous_7)
DA:1,69
DA:2,69
DA:4,69
DA:5,3
DA:8,69
DA:9,6
DA:10,1
DA:12,5
DA:18,69
DA:21,25
DA:25,25
DA:27,25
DA:29,25
DA:32,69
DA:34,28
DA:36,28
DA:37,19
DA:40,28
DA:43,69
DA:44,0
DA:45,0
DA:46,0
DA:47,0
DA:49,0
DA:54,69
DA:55,3
DA:56,3
DA:57,3
DA:58,3
DA:59,3
DA:60,3
DA:61,3
DA:62,0
DA:63,0
DA:64,0
DA:66,3
DA:67,0
DA:70,69
DA:71,3
DA:72,3
DA:73,3
DA:74,3
DA:75,3
DA:76,3
DA:77,3
DA:83,3
DA:85,0
LF:47
LH:37
BRDA:9,0,0,1
BRDA:9,0,1,5
BRDA:14,1,0,3
BRDA:14,1,1,2
BRDA:21,2,0,11
BRDA:21,2,1,14
BRDA:36,3,0,19
BRDA:44,4,0,0
BRDA:44,4,1,0
BRDA:46,5,0,0
BRDA:46,5,1,0
BRDA:58,6,0,3
BRDA:58,6,1,0
BRDA:71,7,0,0
BRDA:73,8,0,3
BRDA:73,8,1,0
BRF:16
BRH:9
end_of_record
TN:
SF:src/utils/forms/formBase.ts
FN:10,(anonymous_0)
FN:16,(anonymous_1)
FN:20,(anonymous_2)
FN:32,(anonymous_3)
FN:36,(anonymous_4)
FNF:5
FNH:5
FNDA:350,(anonymous_0)
FNDA:137,(anonymous_1)
FNDA:213,(anonymous_2)
FNDA:66,(anonymous_3)
FNDA:6,(anonymous_4)
DA:5,39
DA:11,350
DA:12,350
DA:13,350
DA:17,137
DA:21,213
DA:32,39
DA:33,66
DA:34,60
DA:36,6
LF:10
LH:10
BRDA:13,0,0,350
BRDA:13,0,1,137
BRDA:33,1,0,60
BRF:3
BRH:3
end_of_record
TN:
SF:src/utils/icrc/icrcHelper.ts
FN:12,getIcrcActor
FN:19,(anonymous_1)
FN:25,getCanister
FN:36,getICRCSupportedStandards
FN:44,(anonymous_4)
FNF:5
FNH:2
FNDA:1,getIcrcActor
FNDA:0,(anonymous_1)
FNDA:0,getCanister
FNDA:1,getICRCSupportedStandards
FNDA:0,(anonymous_4)
DA:1,1
DA:2,1
DA:3,1
DA:4,1
DA:6,1
DA:9,1
DA:10,1
DA:12,1
DA:13,1
DA:14,1
DA:16,1
DA:19,0
DA:21,0
DA:25,1
DA:26,0
DA:27,0
DA:28,0
DA:33,0
DA:36,1
DA:37,1
DA:38,1
DA:39,1
DA:43,0
DA:44,0
DA:46,1
LF:25
LH:17
BRDA:27,0,0,0
BRDA:27,0,1,0
BRF:2
BRH:0
end_of_record
